****                   ADMIXTURE Version 1.3.0                  ****
****                    Copyright 2008-2015                     ****
****           David Alexander, Suyash Shringarpure,            ****
****                John  Novembre, Ken Lange                   ****
****                                                            ****
****                 Please cite our paper!                     ****
****   Information at www.genetics.ucla.edu/software/admixture  ****

Cross-validation will be performed.  Folds=10.
Parallel execution requested.  Will use 48 threads.
Random seed: 1679803371
Point estimation method: Block relaxation algorithm
Convergence acceleration algorithm: QuasiNewton, 3 secant conditions
Point estimation will terminate when objective function delta < 1e-10
Estimation of standard errors disabled; will compute point estimates only.
Size of G: 330x9285
Performing five EM steps to prime main algorithm
1 (EM) 	Elapsed: 1.039	Loglikelihood: -1.80593e+06	(delta): 2.60372e+06
2 (EM) 	Elapsed: 1.068	Loglikelihood: -1.70039e+06	(delta): 105537
3 (EM) 	Elapsed: 1.066	Loglikelihood: -1.6837e+06	(delta): 16690.3
4 (EM) 	Elapsed: 1.08	Loglikelihood: -1.67334e+06	(delta): 10364.8
5 (EM) 	Elapsed: 1.083	Loglikelihood: -1.66357e+06	(delta): 9771.74
Initial loglikelihood: -1.66357e+06
Starting main algorithm
1 (QN/Block) 	Elapsed: 1.912	Loglikelihood: -1.40774e+06	(delta): 255828
2 (QN/Block) 	Elapsed: 1.907	Loglikelihood: -1.29677e+06	(delta): 110965
3 (QN/Block) 	Elapsed: 1.922	Loglikelihood: -1.27478e+06	(delta): 21992.1
4 (QN/Block) 	Elapsed: 1.914	Loglikelihood: -1.26128e+06	(delta): 13504
5 (QN/Block) 	Elapsed: 1.868	Loglikelihood: -1.25401e+06	(delta): 7272.33
6 (QN/Block) 	Elapsed: 1.845	Loglikelihood: -1.25177e+06	(delta): 2239.63
7 (QN/Block) 	Elapsed: 1.843	Loglikelihood: -1.25105e+06	(delta): 721.716
8 (QN/Block) 	Elapsed: 1.844	Loglikelihood: -1.25063e+06	(delta): 415.14
9 (QN/Block) 	Elapsed: 1.85	Loglikelihood: -1.2504e+06	(delta): 234.24
10 (QN/Block) 	Elapsed: 1.843	Loglikelihood: -1.25024e+06	(delta): 153.93
11 (QN/Block) 	Elapsed: 1.849	Loglikelihood: -1.25007e+06	(delta): 173.571
12 (QN/Block) 	Elapsed: 1.843	Loglikelihood: -1.24989e+06	(delta): 182.197
13 (QN/Block) 	Elapsed: 1.847	Loglikelihood: -1.24971e+06	(delta): 175.42
14 (QN/Block) 	Elapsed: 1.848	Loglikelihood: -1.24939e+06	(delta): 321.682
15 (QN/Block) 	Elapsed: 1.856	Loglikelihood: -1.24864e+06	(delta): 744.982
16 (QN/Block) 	Elapsed: 1.847	Loglikelihood: -1.24778e+06	(delta): 861.796
17 (QN/Block) 	Elapsed: 1.845	Loglikelihood: -1.24747e+06	(delta): 308.446
18 (QN/Block) 	Elapsed: 1.842	Loglikelihood: -1.24742e+06	(delta): 48.8124
19 (QN/Block) 	Elapsed: 1.844	Loglikelihood: -1.24741e+06	(delta): 14.4551
20 (QN/Block) 	Elapsed: 1.851	Loglikelihood: -1.2474e+06	(delta): 5.6163
21 (QN/Block) 	Elapsed: 1.843	Loglikelihood: -1.2474e+06	(delta): 4.08914
22 (QN/Block) 	Elapsed: 1.846	Loglikelihood: -1.24738e+06	(delta): 19.6454
23 (QN/Block) 	Elapsed: 1.845	Loglikelihood: -1.24733e+06	(delta): 49.8345
24 (QN/Block) 	Elapsed: 1.854	Loglikelihood: -1.24723e+06	(delta): 101.393
25 (QN/Block) 	Elapsed: 1.85	Loglikelihood: -1.24697e+06	(delta): 255.561
26 (QN/Block) 	Elapsed: 1.849	Loglikelihood: -1.2468e+06	(delta): 176.11
27 (QN/Block) 	Elapsed: 1.845	Loglikelihood: -1.24668e+06	(delta): 121.074
28 (QN/Block) 	Elapsed: 1.847	Loglikelihood: -1.24662e+06	(delta): 61.6954
29 (QN/Block) 	Elapsed: 1.845	Loglikelihood: -1.24659e+06	(delta): 26.5786
30 (QN/Block) 	Elapsed: 1.846	Loglikelihood: -1.24658e+06	(delta): 8.98812
31 (QN/Block) 	Elapsed: 1.846	Loglikelihood: -1.24658e+06	(delta): 2.78589
32 (QN/Block) 	Elapsed: 1.845	Loglikelihood: -1.24658e+06	(delta): 1.562
33 (QN/Block) 	Elapsed: 1.845	Loglikelihood: -1.24658e+06	(delta): 0.279698
34 (QN/Block) 	Elapsed: 1.845	Loglikelihood: -1.24658e+06	(delta): 0.0248221
35 (QN/Block) 	Elapsed: 1.845	Loglikelihood: -1.24658e+06	(delta): 0.00339729
36 (QN/Block) 	Elapsed: 1.845	Loglikelihood: -1.24658e+06	(delta): 0.00109338
37 (QN/Block) 	Elapsed: 1.845	Loglikelihood: -1.24658e+06	(delta): 0.000268839
38 (QN/Block) 	Elapsed: 1.846	Loglikelihood: -1.24658e+06	(delta): 1.38739e-05
39 (QN/Block) 	Elapsed: 1.849	Loglikelihood: -1.24658e+06	(delta): 2.23867e-06
40 (QN/Block) 	Elapsed: 1.849	Loglikelihood: -1.24658e+06	(delta): 2.3772e-07
41 (QN/Block) 	Elapsed: 1.845	Loglikelihood: -1.24658e+06	(delta): 6.51926e-09
42 (QN/Block) 	Elapsed: 1.846	Loglikelihood: -1.24658e+06	(delta): 1.39698e-09
43 (QN/Block) 	Elapsed: 1.851	Loglikelihood: -1.24658e+06	(delta): 4.65661e-10
44 (QN/Block) 	Elapsed: 1.85	Loglikelihood: -1.24658e+06	(delta): 0
Summary: 
Converged in 44 iterations (87.002 sec)
Loglikelihood: -1246575.097807
Fst divergences between estimated populations: 
	Pop0	Pop1	Pop2	Pop3	Pop4	Pop5	Pop6	Pop7	Pop8	
Pop0	
Pop1	0.658	
Pop2	0.695	0.116	
Pop3	0.625	0.110	0.160	
Pop4	0.732	0.168	0.193	0.203	
Pop5	0.705	0.135	0.181	0.171	0.196	
Pop6	0.698	0.214	0.261	0.235	0.307	0.272	
Pop7	0.664	0.087	0.126	0.124	0.178	0.142	0.219	
Pop8	0.673	0.084	0.123	0.118	0.173	0.150	0.231	0.106	
Pop9	0.711	0.140	0.167	0.172	0.157	0.121	0.279	0.144	0.151	
CV error (K=10): 0.25562
Writing output files.
