****                   ADMIXTURE Version 1.3.0                  ****
****                    Copyright 2008-2015                     ****
****           David Alexander, Suyash Shringarpure,            ****
****                John  Novembre, Ken Lange                   ****
****                                                            ****
****                 Please cite our paper!                     ****
****   Information at www.genetics.ucla.edu/software/admixture  ****

Cross-validation will be performed.  Folds=10.
Parallel execution requested.  Will use 48 threads.
Random seed: 1679802774
Point estimation method: Block relaxation algorithm
Convergence acceleration algorithm: QuasiNewton, 3 secant conditions
Point estimation will terminate when objective function delta < 1e-10
Estimation of standard errors disabled; will compute point estimates only.
Size of G: 330x9285
Performing five EM steps to prime main algorithm
1 (EM) 	Elapsed: 0.465	Loglikelihood: -1.7964e+06	(delta): 2.94873e+06
2 (EM) 	Elapsed: 0.461	Loglikelihood: -1.70489e+06	(delta): 91510
3 (EM) 	Elapsed: 0.454	Loglikelihood: -1.68503e+06	(delta): 19866.9
4 (EM) 	Elapsed: 0.461	Loglikelihood: -1.67209e+06	(delta): 12934.4
5 (EM) 	Elapsed: 0.454	Loglikelihood: -1.66084e+06	(delta): 11253.4
Initial loglikelihood: -1.66084e+06
Starting main algorithm
1 (QN/Block) 	Elapsed: 1.045	Loglikelihood: -1.47655e+06	(delta): 184290
2 (QN/Block) 	Elapsed: 1.045	Loglikelihood: -1.4152e+06	(delta): 61349.1
3 (QN/Block) 	Elapsed: 1.046	Loglikelihood: -1.38856e+06	(delta): 26635.2
4 (QN/Block) 	Elapsed: 1.047	Loglikelihood: -1.37451e+06	(delta): 14049.7
5 (QN/Block) 	Elapsed: 1.051	Loglikelihood: -1.35601e+06	(delta): 18499.8
6 (QN/Block) 	Elapsed: 1.046	Loglikelihood: -1.35087e+06	(delta): 5148.25
7 (QN/Block) 	Elapsed: 1.04	Loglikelihood: -1.34894e+06	(delta): 1929.4
8 (QN/Block) 	Elapsed: 1.041	Loglikelihood: -1.34837e+06	(delta): 570.149
9 (QN/Block) 	Elapsed: 1.042	Loglikelihood: -1.34831e+06	(delta): 61.5215
10 (QN/Block) 	Elapsed: 1.039	Loglikelihood: -1.3483e+06	(delta): 7.21882
11 (QN/Block) 	Elapsed: 1.05	Loglikelihood: -1.3483e+06	(delta): 0.453752
12 (QN/Block) 	Elapsed: 1.039	Loglikelihood: -1.3483e+06	(delta): 0.0689424
13 (QN/Block) 	Elapsed: 1.059	Loglikelihood: -1.3483e+06	(delta): 0.0125637
14 (QN/Block) 	Elapsed: 1.055	Loglikelihood: -1.3483e+06	(delta): 0.00312408
15 (QN/Block) 	Elapsed: 1.089	Loglikelihood: -1.3483e+06	(delta): 0.00175741
16 (QN/Block) 	Elapsed: 1.051	Loglikelihood: -1.3483e+06	(delta): 0.000345036
17 (QN/Block) 	Elapsed: 1.043	Loglikelihood: -1.3483e+06	(delta): 0.000237128
18 (QN/Block) 	Elapsed: 1.048	Loglikelihood: -1.3483e+06	(delta): 0.000139764
19 (QN/Block) 	Elapsed: 1.038	Loglikelihood: -1.3483e+06	(delta): 7.77254e-05
20 (QN/Block) 	Elapsed: 1.045	Loglikelihood: -1.3483e+06	(delta): 9.4641e-06
21 (QN/Block) 	Elapsed: 1.046	Loglikelihood: -1.3483e+06	(delta): 2.90386e-06
22 (QN/Block) 	Elapsed: 1.042	Loglikelihood: -1.3483e+06	(delta): 1.85566e-07
23 (QN/Block) 	Elapsed: 1.036	Loglikelihood: -1.3483e+06	(delta): 5.58794e-09
24 (QN/Block) 	Elapsed: 1.05	Loglikelihood: -1.3483e+06	(delta): 3.49246e-09
25 (QN/Block) 	Elapsed: 1.055	Loglikelihood: -1.3483e+06	(delta): 2.32831e-10
26 (QN/Block) 	Elapsed: 1.041	Loglikelihood: -1.3483e+06	(delta): 9.31323e-10
27 (QN/Block) 	Elapsed: 1.042	Loglikelihood: -1.3483e+06	(delta): -6.98492e-10
28 (QN/Block) 	Elapsed: 1.04	Loglikelihood: -1.3483e+06	(delta): 6.98492e-10
29 (QN/Block) 	Elapsed: 1.052	Loglikelihood: -1.3483e+06	(delta): -4.65661e-10
30 (QN/Block) 	Elapsed: 1.054	Loglikelihood: -1.3483e+06	(delta): 4.65661e-10
31 (QN/Block) 	Elapsed: 1.051	Loglikelihood: -1.3483e+06	(delta): 1.39698e-09
32 (QN/Block) 	Elapsed: 1.04	Loglikelihood: -1.3483e+06	(delta): 0
Summary: 
Converged in 32 iterations (35.893 sec)
Loglikelihood: -1348297.273332
Fst divergences between estimated populations: 
	Pop0	Pop1	Pop2	
Pop0	
Pop1	0.093	
Pop2	0.635	0.684	
Pop3	0.196	0.259	0.686	
CV error (K=4): 0.26959
Writing output files.
