****                   ADMIXTURE Version 1.3.0                  ****
****                    Copyright 2008-2015                     ****
****           David Alexander, Suyash Shringarpure,            ****
****                John  Novembre, Ken Lange                   ****
****                                                            ****
****                 Please cite our paper!                     ****
****   Information at www.genetics.ucla.edu/software/admixture  ****

Cross-validation will be performed.  Folds=10.
Parallel execution requested.  Will use 48 threads.
Random seed: 1679802841
Point estimation method: Block relaxation algorithm
Convergence acceleration algorithm: QuasiNewton, 3 secant conditions
Point estimation will terminate when objective function delta < 1e-10
Estimation of standard errors disabled; will compute point estimates only.
Size of G: 330x9285
Performing five EM steps to prime main algorithm
1 (EM) 	Elapsed: 0.409	Loglikelihood: -1.80421e+06	(delta): 2.80609e+06
2 (EM) 	Elapsed: 0.409	Loglikelihood: -1.70567e+06	(delta): 98537.8
3 (EM) 	Elapsed: 0.413	Loglikelihood: -1.68632e+06	(delta): 19351.1
4 (EM) 	Elapsed: 0.417	Loglikelihood: -1.67287e+06	(delta): 13448.2
5 (EM) 	Elapsed: 0.417	Loglikelihood: -1.65831e+06	(delta): 14560.2
Initial loglikelihood: -1.65831e+06
Starting main algorithm
1 (QN/Block) 	Elapsed: 1.131	Loglikelihood: -1.44346e+06	(delta): 214847
2 (QN/Block) 	Elapsed: 1.129	Loglikelihood: -1.35973e+06	(delta): 83729.6
3 (QN/Block) 	Elapsed: 1.139	Loglikelihood: -1.33596e+06	(delta): 23775.3
4 (QN/Block) 	Elapsed: 1.134	Loglikelihood: -1.32345e+06	(delta): 12508.2
5 (QN/Block) 	Elapsed: 1.137	Loglikelihood: -1.32008e+06	(delta): 3367.63
6 (QN/Block) 	Elapsed: 1.135	Loglikelihood: -1.31919e+06	(delta): 890.447
7 (QN/Block) 	Elapsed: 1.135	Loglikelihood: -1.31884e+06	(delta): 350.312
8 (QN/Block) 	Elapsed: 1.133	Loglikelihood: -1.31876e+06	(delta): 83.935
9 (QN/Block) 	Elapsed: 1.137	Loglikelihood: -1.31872e+06	(delta): 32.5849
10 (QN/Block) 	Elapsed: 1.134	Loglikelihood: -1.31871e+06	(delta): 15.5215
11 (QN/Block) 	Elapsed: 1.137	Loglikelihood: -1.3187e+06	(delta): 5.30169
12 (QN/Block) 	Elapsed: 1.134	Loglikelihood: -1.3187e+06	(delta): 1.24539
13 (QN/Block) 	Elapsed: 1.136	Loglikelihood: -1.3187e+06	(delta): 0.775258
14 (QN/Block) 	Elapsed: 1.132	Loglikelihood: -1.3187e+06	(delta): 0.393668
15 (QN/Block) 	Elapsed: 1.133	Loglikelihood: -1.3187e+06	(delta): 0.129245
16 (QN/Block) 	Elapsed: 1.118	Loglikelihood: -1.3187e+06	(delta): 0.031767
17 (QN/Block) 	Elapsed: 1.102	Loglikelihood: -1.3187e+06	(delta): 0.00392543
18 (QN/Block) 	Elapsed: 1.102	Loglikelihood: -1.3187e+06	(delta): 0.00074766
19 (QN/Block) 	Elapsed: 1.105	Loglikelihood: -1.3187e+06	(delta): 7.10026e-05
20 (QN/Block) 	Elapsed: 1.102	Loglikelihood: -1.3187e+06	(delta): 1.61745e-05
21 (QN/Block) 	Elapsed: 1.102	Loglikelihood: -1.3187e+06	(delta): 2.63099e-07
22 (QN/Block) 	Elapsed: 1.102	Loglikelihood: -1.3187e+06	(delta): 1.02445e-08
23 (QN/Block) 	Elapsed: 1.102	Loglikelihood: -1.3187e+06	(delta): 9.31323e-10
24 (QN/Block) 	Elapsed: 1.109	Loglikelihood: -1.3187e+06	(delta): -6.98492e-10
25 (QN/Block) 	Elapsed: 1.102	Loglikelihood: -1.3187e+06	(delta): 9.31323e-10
26 (QN/Block) 	Elapsed: 1.105	Loglikelihood: -1.3187e+06	(delta): 2.32831e-10
27 (QN/Block) 	Elapsed: 1.105	Loglikelihood: -1.3187e+06	(delta): -2.32831e-10
28 (QN/Block) 	Elapsed: 1.106	Loglikelihood: -1.3187e+06	(delta): 9.31323e-10
29 (QN/Block) 	Elapsed: 1.102	Loglikelihood: -1.3187e+06	(delta): 4.65661e-10
30 (QN/Block) 	Elapsed: 1.105	Loglikelihood: -1.3187e+06	(delta): 4.65661e-10
31 (QN/Block) 	Elapsed: 1.102	Loglikelihood: -1.3187e+06	(delta): 2.32831e-10
32 (QN/Block) 	Elapsed: 1.105	Loglikelihood: -1.3187e+06	(delta): 4.65661e-10
33 (QN/Block) 	Elapsed: 1.105	Loglikelihood: -1.3187e+06	(delta): 2.32831e-10
34 (QN/Block) 	Elapsed: 1.109	Loglikelihood: -1.3187e+06	(delta): 4.65661e-10
35 (QN/Block) 	Elapsed: 1.105	Loglikelihood: -1.3187e+06	(delta): -2.32831e-10
36 (QN/Block) 	Elapsed: 1.102	Loglikelihood: -1.3187e+06	(delta): -2.32831e-10
37 (QN/Block) 	Elapsed: 1.101	Loglikelihood: -1.3187e+06	(delta): 4.65661e-10
38 (QN/Block) 	Elapsed: 1.105	Loglikelihood: -1.3187e+06	(delta): 2.32831e-10
39 (QN/Block) 	Elapsed: 1.105	Loglikelihood: -1.3187e+06	(delta): -2.32831e-10
40 (QN/Block) 	Elapsed: 1.105	Loglikelihood: -1.3187e+06	(delta): 2.32831e-10
41 (QN/Block) 	Elapsed: 1.107	Loglikelihood: -1.3187e+06	(delta): 2.32831e-10
42 (QN/Block) 	Elapsed: 1.106	Loglikelihood: -1.3187e+06	(delta): -2.32831e-10
43 (QN/Block) 	Elapsed: 1.105	Loglikelihood: -1.3187e+06	(delta): 0
Summary: 
Converged in 43 iterations (50.088 sec)
Loglikelihood: -1318700.228308
Fst divergences between estimated populations: 
	Pop0	Pop1	Pop2	Pop3	
Pop0	
Pop1	0.107	
Pop2	0.689	0.635	
Pop3	0.266	0.196	0.686	
Pop4	0.145	0.135	0.709	0.293	
CV error (K=5): 0.26197
Writing output files.
