****                   ADMIXTURE Version 1.3.0                  ****
****                    Copyright 2008-2015                     ****
****           David Alexander, Suyash Shringarpure,            ****
****                John  Novembre, Ken Lange                   ****
****                                                            ****
****                 Please cite our paper!                     ****
****   Information at www.genetics.ucla.edu/software/admixture  ****

Cross-validation will be performed.  Folds=10.
Parallel execution requested.  Will use 48 threads.
Random seed: 1679814245
Point estimation method: Block relaxation algorithm
Convergence acceleration algorithm: QuasiNewton, 3 secant conditions
Point estimation will terminate when objective function delta < 1e-10
Will perform 1000 bootstrap resamplings to estimate standard errors.
Reestimation for each bootstrap replicate will terminate at 3 iterations
Size of G: 330x9285
Average base pair separation between consecutive markers: 0.0398535
Block size that will be used for block bootstrap: 250918919
Performing five EM steps to prime main algorithm
1 (EM) 	Elapsed: 1.687	Loglikelihood: -1.80344e+06	(delta): 2.5752e+06
2 (EM) 	Elapsed: 1.707	Loglikelihood: -1.69439e+06	(delta): 109053
3 (EM) 	Elapsed: 1.715	Loglikelihood: -1.67747e+06	(delta): 16921.5
4 (EM) 	Elapsed: 1.77	Loglikelihood: -1.66417e+06	(delta): 13301.5
5 (EM) 	Elapsed: 1.754	Loglikelihood: -1.64566e+06	(delta): 18505.3
Initial loglikelihood: -1.64566e+06
Starting main algorithm
1 (QN/Block) 	Elapsed: 2.309	Loglikelihood: -1.34461e+06	(delta): 301050
2 (QN/Block) 	Elapsed: 2.269	Loglikelihood: -1.2714e+06	(delta): 73212
3 (QN/Block) 	Elapsed: 2.262	Loglikelihood: -1.24668e+06	(delta): 24723.2
4 (QN/Block) 	Elapsed: 2.25	Loglikelihood: -1.2294e+06	(delta): 17272.5
5 (QN/Block) 	Elapsed: 2.252	Loglikelihood: -1.22007e+06	(delta): 9330.49
6 (QN/Block) 	Elapsed: 2.259	Loglikelihood: -1.21651e+06	(delta): 3567.83
7 (QN/Block) 	Elapsed: 2.275	Loglikelihood: -1.21518e+06	(delta): 1323.79
8 (QN/Block) 	Elapsed: 2.254	Loglikelihood: -1.21486e+06	(delta): 318.661
9 (QN/Block) 	Elapsed: 2.254	Loglikelihood: -1.21473e+06	(delta): 133.711
10 (QN/Block) 	Elapsed: 2.251	Loglikelihood: -1.21465e+06	(delta): 79.9274
11 (QN/Block) 	Elapsed: 2.25	Loglikelihood: -1.21459e+06	(delta): 62.1532
12 (QN/Block) 	Elapsed: 2.253	Loglikelihood: -1.21454e+06	(delta): 46.9813
13 (QN/Block) 	Elapsed: 2.248	Loglikelihood: -1.21448e+06	(delta): 58.6573
14 (QN/Block) 	Elapsed: 2.249	Loglikelihood: -1.21439e+06	(delta): 86.6953
15 (QN/Block) 	Elapsed: 2.249	Loglikelihood: -1.2143e+06	(delta): 92.6751
16 (QN/Block) 	Elapsed: 2.249	Loglikelihood: -1.21421e+06	(delta): 89.1333
17 (QN/Block) 	Elapsed: 2.248	Loglikelihood: -1.21411e+06	(delta): 102.476
18 (QN/Block) 	Elapsed: 2.248	Loglikelihood: -1.21406e+06	(delta): 55.1821
19 (QN/Block) 	Elapsed: 2.249	Loglikelihood: -1.21404e+06	(delta): 15.4583
20 (QN/Block) 	Elapsed: 2.249	Loglikelihood: -1.21403e+06	(delta): 5.8327
21 (QN/Block) 	Elapsed: 2.251	Loglikelihood: -1.21403e+06	(delta): 2.4633
22 (QN/Block) 	Elapsed: 2.253	Loglikelihood: -1.21403e+06	(delta): 0.786729
23 (QN/Block) 	Elapsed: 2.26	Loglikelihood: -1.21403e+06	(delta): 0.220368
24 (QN/Block) 	Elapsed: 2.253	Loglikelihood: -1.21403e+06	(delta): 0.0497071
25 (QN/Block) 	Elapsed: 2.25	Loglikelihood: -1.21403e+06	(delta): 0.0259878
26 (QN/Block) 	Elapsed: 2.262	Loglikelihood: -1.21403e+06	(delta): 0.0112125
27 (QN/Block) 	Elapsed: 2.257	Loglikelihood: -1.21403e+06	(delta): 0.00626234
28 (QN/Block) 	Elapsed: 2.253	Loglikelihood: -1.21403e+06	(delta): 0.00274976
29 (QN/Block) 	Elapsed: 2.257	Loglikelihood: -1.21403e+06	(delta): 0.00125937
30 (QN/Block) 	Elapsed: 2.253	Loglikelihood: -1.21403e+06	(delta): 0.000308525
31 (QN/Block) 	Elapsed: 2.254	Loglikelihood: -1.21403e+06	(delta): 9.54082e-05
32 (QN/Block) 	Elapsed: 2.256	Loglikelihood: -1.21403e+06	(delta): 5.34782e-05
33 (QN/Block) 	Elapsed: 2.256	Loglikelihood: -1.21403e+06	(delta): 3.52901e-06
34 (QN/Block) 	Elapsed: 2.254	Loglikelihood: -1.21403e+06	(delta): 1.26334e-06
35 (QN/Block) 	Elapsed: 2.254	Loglikelihood: -1.21403e+06	(delta): 6.07688e-08
36 (QN/Block) 	Elapsed: 2.256	Loglikelihood: -1.21403e+06	(delta): 1.00117e-08
37 (QN/Block) 	Elapsed: 2.256	Loglikelihood: -1.21403e+06	(delta): 5.12227e-09
38 (QN/Block) 	Elapsed: 2.256	Loglikelihood: -1.21403e+06	(delta): 6.98492e-10
39 (QN/Block) 	Elapsed: 2.257	Loglikelihood: -1.21403e+06	(delta): 1.16415e-09
40 (QN/Block) 	Elapsed: 2.258	Loglikelihood: -1.21403e+06	(delta): 1.39698e-09
41 (QN/Block) 	Elapsed: 2.26	Loglikelihood: -1.21403e+06	(delta): 2.32831e-10
42 (QN/Block) 	Elapsed: 2.264	Loglikelihood: -1.21403e+06	(delta): 2.32831e-10
43 (QN/Block) 	Elapsed: 2.258	Loglikelihood: -1.21403e+06	(delta): 3.72529e-09
44 (QN/Block) 	Elapsed: 2.259	Loglikelihood: -1.21403e+06	(delta): 2.32831e-09
45 (QN/Block) 	Elapsed: 2.264	Loglikelihood: -1.21403e+06	(delta): 2.32831e-10
46 (QN/Block) 	Elapsed: 2.264	Loglikelihood: -1.21403e+06	(delta): -4.65661e-10
47 (QN/Block) 	Elapsed: 2.267	Loglikelihood: -1.21403e+06	(delta): 6.98492e-10
48 (QN/Block) 	Elapsed: 2.265	Loglikelihood: -1.21403e+06	(delta): -2.32831e-10
49 (QN/Block) 	Elapsed: 2.26	Loglikelihood: -1.21403e+06	(delta): 9.0804e-09
50 (QN/Block) 	Elapsed: 2.266	Loglikelihood: -1.21403e+06	(delta): 2.32831e-09
51 (QN/Block) 	Elapsed: 2.267	Loglikelihood: -1.21403e+06	(delta): -2.32831e-10
52 (QN/Block) 	Elapsed: 2.266	Loglikelihood: -1.21403e+06	(delta): 0
Summary: 
Converged in 52 iterations (126.159 sec)
Loglikelihood: -1214030.279075
Fst divergences between estimated populations: 
	Pop0	Pop1	Pop2	Pop3	Pop4	Pop5	Pop6	Pop7	Pop8	Pop9	Pop10	Pop11	
Pop0	
Pop1	0.272	
Pop2	0.230	0.132	
Pop3	0.310	0.181	0.183	
Pop4	0.269	0.141	0.149	0.117	
Pop5	0.798	0.708	0.714	0.685	0.654	
Pop6	0.251	0.144	0.108	0.144	0.110	0.690	
Pop7	0.302	0.168	0.175	0.163	0.115	0.677	0.141	
Pop8	0.345	0.224	0.214	0.212	0.171	0.728	0.181	0.206	
Pop9	0.397	0.280	0.289	0.253	0.213	0.694	0.259	0.243	0.309	
Pop10	0.276	0.113	0.141	0.143	0.101	0.683	0.125	0.133	0.179	0.247	
Pop11	0.318	0.138	0.189	0.195	0.150	0.710	0.180	0.178	0.246	0.284	0.109	
Pop12	0.282	0.150	0.159	0.130	0.077	0.659	0.126	0.123	0.188	0.226	0.117	0.162	
CV error (K=13): 0.25174
Bootstrap replicate #0
