****                   ADMIXTURE Version 1.3.0                  ****
****                    Copyright 2008-2015                     ****
****           David Alexander, Suyash Shringarpure,            ****
****                John  Novembre, Ken Lange                   ****
****                                                            ****
****                 Please cite our paper!                     ****
****   Information at www.genetics.ucla.edu/software/admixture  ****

Cross-validation will be performed.  Folds=10.
Parallel execution requested.  Will use 48 threads.
Random seed: 1679814435
Point estimation method: Block relaxation algorithm
Convergence acceleration algorithm: QuasiNewton, 3 secant conditions
Point estimation will terminate when objective function delta < 1e-10
Will perform 1000 bootstrap resamplings to estimate standard errors.
Reestimation for each bootstrap replicate will terminate at 3 iterations
Size of G: 330x9285
Average base pair separation between consecutive markers: 0.0398535
Block size that will be used for block bootstrap: 250918919
Performing five EM steps to prime main algorithm
1 (EM) 	Elapsed: 1.312	Loglikelihood: -1.80523e+06	(delta): 2.55821e+06
2 (EM) 	Elapsed: 1.309	Loglikelihood: -1.69528e+06	(delta): 109954
3 (EM) 	Elapsed: 1.309	Loglikelihood: -1.6784e+06	(delta): 16877.5
4 (EM) 	Elapsed: 1.309	Loglikelihood: -1.66697e+06	(delta): 11432.9
5 (EM) 	Elapsed: 1.352	Loglikelihood: -1.65446e+06	(delta): 12508
Initial loglikelihood: -1.65446e+06
Starting main algorithm
1 (QN/Block) 	Elapsed: 2.288	Loglikelihood: -1.34489e+06	(delta): 309571
2 (QN/Block) 	Elapsed: 2.283	Loglikelihood: -1.25216e+06	(delta): 92725.8
3 (QN/Block) 	Elapsed: 2.303	Loglikelihood: -1.22913e+06	(delta): 23033.5
4 (QN/Block) 	Elapsed: 2.297	Loglikelihood: -1.21937e+06	(delta): 9756.02
5 (QN/Block) 	Elapsed: 2.307	Loglikelihood: -1.21484e+06	(delta): 4525.9
6 (QN/Block) 	Elapsed: 2.297	Loglikelihood: -1.21164e+06	(delta): 3202.9
7 (QN/Block) 	Elapsed: 2.322	Loglikelihood: -1.21011e+06	(delta): 1531.2
8 (QN/Block) 	Elapsed: 2.314	Loglikelihood: -1.20896e+06	(delta): 1148.75
9 (QN/Block) 	Elapsed: 2.315	Loglikelihood: -1.20826e+06	(delta): 701.856
10 (QN/Block) 	Elapsed: 2.313	Loglikelihood: -1.20769e+06	(delta): 569.801
11 (QN/Block) 	Elapsed: 2.313	Loglikelihood: -1.20743e+06	(delta): 262.042
12 (QN/Block) 	Elapsed: 2.31	Loglikelihood: -1.20731e+06	(delta): 119.86
13 (QN/Block) 	Elapsed: 2.31	Loglikelihood: -1.20727e+06	(delta): 42.5144
14 (QN/Block) 	Elapsed: 2.384	Loglikelihood: -1.20725e+06	(delta): 14.5905
15 (QN/Block) 	Elapsed: 2.35	Loglikelihood: -1.20725e+06	(delta): 5.82748
16 (QN/Block) 	Elapsed: 2.318	Loglikelihood: -1.20724e+06	(delta): 2.62806
17 (QN/Block) 	Elapsed: 2.327	Loglikelihood: -1.20724e+06	(delta): 1.41729
18 (QN/Block) 	Elapsed: 2.317	Loglikelihood: -1.20724e+06	(delta): 0.457494
19 (QN/Block) 	Elapsed: 2.318	Loglikelihood: -1.20724e+06	(delta): 0.237226
20 (QN/Block) 	Elapsed: 2.317	Loglikelihood: -1.20724e+06	(delta): 0.136808
21 (QN/Block) 	Elapsed: 2.317	Loglikelihood: -1.20724e+06	(delta): 0.135079
22 (QN/Block) 	Elapsed: 2.317	Loglikelihood: -1.20724e+06	(delta): 0.114225
23 (QN/Block) 	Elapsed: 2.334	Loglikelihood: -1.20724e+06	(delta): 0.0366902
24 (QN/Block) 	Elapsed: 2.322	Loglikelihood: -1.20724e+06	(delta): 0.0231472
25 (QN/Block) 	Elapsed: 2.325	Loglikelihood: -1.20724e+06	(delta): 0.0177687
26 (QN/Block) 	Elapsed: 2.326	Loglikelihood: -1.20724e+06	(delta): 0.0147004
27 (QN/Block) 	Elapsed: 2.324	Loglikelihood: -1.20724e+06	(delta): 0.010093
28 (QN/Block) 	Elapsed: 2.323	Loglikelihood: -1.20724e+06	(delta): 0.0137829
29 (QN/Block) 	Elapsed: 2.325	Loglikelihood: -1.20724e+06	(delta): 0.0120521
30 (QN/Block) 	Elapsed: 2.331	Loglikelihood: -1.20724e+06	(delta): 0.0136907
31 (QN/Block) 	Elapsed: 2.323	Loglikelihood: -1.20724e+06	(delta): 0.0128794
32 (QN/Block) 	Elapsed: 2.323	Loglikelihood: -1.20724e+06	(delta): 0.00694613
33 (QN/Block) 	Elapsed: 2.325	Loglikelihood: -1.20724e+06	(delta): 0.00483281
34 (QN/Block) 	Elapsed: 2.326	Loglikelihood: -1.20724e+06	(delta): 0.00305517
35 (QN/Block) 	Elapsed: 2.328	Loglikelihood: -1.20724e+06	(delta): 0.00240961
36 (QN/Block) 	Elapsed: 2.323	Loglikelihood: -1.20724e+06	(delta): 0.000593865
37 (QN/Block) 	Elapsed: 2.319	Loglikelihood: -1.20724e+06	(delta): 0.00111356
38 (QN/Block) 	Elapsed: 2.319	Loglikelihood: -1.20724e+06	(delta): 0.000143038
39 (QN/Block) 	Elapsed: 2.326	Loglikelihood: -1.20724e+06	(delta): 7.08399e-05
40 (QN/Block) 	Elapsed: 2.319	Loglikelihood: -1.20724e+06	(delta): 3.36878e-05
41 (QN/Block) 	Elapsed: 2.323	Loglikelihood: -1.20724e+06	(delta): 7.61962e-06
42 (QN/Block) 	Elapsed: 2.325	Loglikelihood: -1.20724e+06	(delta): 1.37696e-06
43 (QN/Block) 	Elapsed: 2.319	Loglikelihood: -1.20724e+06	(delta): 8.65199e-07
44 (QN/Block) 	Elapsed: 2.319	Loglikelihood: -1.20724e+06	(delta): 9.19681e-08
45 (QN/Block) 	Elapsed: 2.32	Loglikelihood: -1.20724e+06	(delta): 1.53668e-08
46 (QN/Block) 	Elapsed: 2.319	Loglikelihood: -1.20724e+06	(delta): 2.09548e-09
47 (QN/Block) 	Elapsed: 2.32	Loglikelihood: -1.20724e+06	(delta): 2.56114e-09
48 (QN/Block) 	Elapsed: 2.319	Loglikelihood: -1.20724e+06	(delta): 2.32831e-10
49 (QN/Block) 	Elapsed: 2.326	Loglikelihood: -1.20724e+06	(delta): 2.32831e-10
50 (QN/Block) 	Elapsed: 2.321	Loglikelihood: -1.20724e+06	(delta): 3.72529e-09
51 (QN/Block) 	Elapsed: 2.32	Loglikelihood: -1.20724e+06	(delta): 2.32831e-09
52 (QN/Block) 	Elapsed: 2.32	Loglikelihood: -1.20724e+06	(delta): 1.39698e-09
53 (QN/Block) 	Elapsed: 2.332	Loglikelihood: -1.20724e+06	(delta): 4.65661e-10
54 (QN/Block) 	Elapsed: 2.327	Loglikelihood: -1.20724e+06	(delta): 0
Summary: 
Converged in 54 iterations (132.027 sec)
Loglikelihood: -1207240.111971
Fst divergences between estimated populations: 
	Pop0	Pop1	Pop2	Pop3	Pop4	Pop5	Pop6	Pop7	Pop8	Pop9	Pop10	Pop11	Pop12	
Pop0	
Pop1	0.237	
Pop2	0.714	0.708	
Pop3	0.182	0.181	0.688	
Pop4	0.295	0.284	0.693	0.259	
Pop5	0.223	0.140	0.706	0.144	0.279	
Pop6	0.249	0.249	0.728	0.183	0.311	0.226	
Pop7	0.212	0.196	0.690	0.157	0.263	0.187	0.223	
Pop8	0.194	0.100	0.689	0.135	0.256	0.107	0.194	0.162	
Pop9	0.214	0.175	0.706	0.164	0.277	0.176	0.216	0.188	0.131	
Pop10	0.165	0.156	0.654	0.117	0.215	0.143	0.183	0.139	0.121	0.144	
Pop11	0.216	0.189	0.713	0.108	0.289	0.132	0.216	0.191	0.146	0.185	0.153	
Pop12	0.345	0.319	0.796	0.251	0.397	0.272	0.348	0.321	0.280	0.321	0.277	0.230	
Pop13	0.160	0.150	0.652	0.110	0.212	0.141	0.173	0.130	0.114	0.132	0.071	0.148	0.269	
CV error (K=14): 0.25441
Bootstrap replicate #0
