****                   ADMIXTURE Version 1.3.0                  ****
****                    Copyright 2008-2015                     ****
****           David Alexander, Suyash Shringarpure,            ****
****                John  Novembre, Ken Lange                   ****
****                                                            ****
****                 Please cite our paper!                     ****
****   Information at www.genetics.ucla.edu/software/admixture  ****

Cross-validation will be performed.  Folds=10.
Parallel execution requested.  Will use 48 threads.
Random seed: 1679813799
Point estimation method: Block relaxation algorithm
Convergence acceleration algorithm: QuasiNewton, 3 secant conditions
Point estimation will terminate when objective function delta < 1e-10
Will perform 1000 bootstrap resamplings to estimate standard errors.
Reestimation for each bootstrap replicate will terminate at 3 iterations
Size of G: 330x9285
Average base pair separation between consecutive markers: 0.0398535
Block size that will be used for block bootstrap: 250918919
Performing five EM steps to prime main algorithm
1 (EM) 	Elapsed: 0.88	Loglikelihood: -1.80398e+06	(delta): 2.61943e+06
2 (EM) 	Elapsed: 0.899	Loglikelihood: -1.69698e+06	(delta): 107005
3 (EM) 	Elapsed: 0.918	Loglikelihood: -1.67765e+06	(delta): 19330.3
4 (EM) 	Elapsed: 0.921	Loglikelihood: -1.6625e+06	(delta): 15150.5
5 (EM) 	Elapsed: 0.925	Loglikelihood: -1.64559e+06	(delta): 16902.7
Initial loglikelihood: -1.64559e+06
Starting main algorithm
1 (QN/Block) 	Elapsed: 1.821	Loglikelihood: -1.37413e+06	(delta): 271465
2 (QN/Block) 	Elapsed: 1.808	Loglikelihood: -1.28456e+06	(delta): 89572.1
3 (QN/Block) 	Elapsed: 1.822	Loglikelihood: -1.26442e+06	(delta): 20134.1
4 (QN/Block) 	Elapsed: 1.825	Loglikelihood: -1.25284e+06	(delta): 11583
5 (QN/Block) 	Elapsed: 1.817	Loglikelihood: -1.24844e+06	(delta): 4400.9
6 (QN/Block) 	Elapsed: 1.823	Loglikelihood: -1.24691e+06	(delta): 1528.92
7 (QN/Block) 	Elapsed: 1.813	Loglikelihood: -1.24635e+06	(delta): 560.734
8 (QN/Block) 	Elapsed: 1.823	Loglikelihood: -1.24596e+06	(delta): 385.465
9 (QN/Block) 	Elapsed: 1.818	Loglikelihood: -1.24504e+06	(delta): 920.307
10 (QN/Block) 	Elapsed: 1.818	Loglikelihood: -1.24412e+06	(delta): 919.574
11 (QN/Block) 	Elapsed: 1.826	Loglikelihood: -1.24368e+06	(delta): 447.346
12 (QN/Block) 	Elapsed: 1.815	Loglikelihood: -1.24337e+06	(delta): 304.284
13 (QN/Block) 	Elapsed: 1.815	Loglikelihood: -1.24325e+06	(delta): 121.047
14 (QN/Block) 	Elapsed: 1.814	Loglikelihood: -1.24319e+06	(delta): 57.9487
15 (QN/Block) 	Elapsed: 1.814	Loglikelihood: -1.24318e+06	(delta): 13.1419
16 (QN/Block) 	Elapsed: 1.82	Loglikelihood: -1.24318e+06	(delta): 5.66705
17 (QN/Block) 	Elapsed: 1.814	Loglikelihood: -1.24317e+06	(delta): 4.08054
18 (QN/Block) 	Elapsed: 1.814	Loglikelihood: -1.24317e+06	(delta): 1.08933
19 (QN/Block) 	Elapsed: 1.821	Loglikelihood: -1.24317e+06	(delta): 0.339133
20 (QN/Block) 	Elapsed: 1.815	Loglikelihood: -1.24317e+06	(delta): 0.0567502
21 (QN/Block) 	Elapsed: 1.815	Loglikelihood: -1.24317e+06	(delta): 0.0213272
22 (QN/Block) 	Elapsed: 1.815	Loglikelihood: -1.24317e+06	(delta): 0.0109096
23 (QN/Block) 	Elapsed: 1.815	Loglikelihood: -1.24317e+06	(delta): 0.00199396
24 (QN/Block) 	Elapsed: 1.816	Loglikelihood: -1.24317e+06	(delta): 0.00016105
25 (QN/Block) 	Elapsed: 1.815	Loglikelihood: -1.24317e+06	(delta): 0.000121383
26 (QN/Block) 	Elapsed: 1.82	Loglikelihood: -1.24317e+06	(delta): 9.36189e-06
27 (QN/Block) 	Elapsed: 1.815	Loglikelihood: -1.24317e+06	(delta): 1.61817e-06
28 (QN/Block) 	Elapsed: 1.815	Loglikelihood: -1.24317e+06	(delta): 3.09432e-07
29 (QN/Block) 	Elapsed: 1.816	Loglikelihood: -1.24317e+06	(delta): 2.77068e-08
30 (QN/Block) 	Elapsed: 1.815	Loglikelihood: -1.24317e+06	(delta): 3.72529e-09
31 (QN/Block) 	Elapsed: 1.817	Loglikelihood: -1.24317e+06	(delta): -2.32831e-10
32 (QN/Block) 	Elapsed: 1.822	Loglikelihood: -1.24317e+06	(delta): 9.31323e-10
33 (QN/Block) 	Elapsed: 1.822	Loglikelihood: -1.24317e+06	(delta): 2.32831e-10
34 (QN/Block) 	Elapsed: 1.824	Loglikelihood: -1.24317e+06	(delta): -2.32831e-10
35 (QN/Block) 	Elapsed: 1.823	Loglikelihood: -1.24317e+06	(delta): -2.32831e-10
36 (QN/Block) 	Elapsed: 1.827	Loglikelihood: -1.24317e+06	(delta): 2.32831e-10
37 (QN/Block) 	Elapsed: 1.822	Loglikelihood: -1.24317e+06	(delta): 1.16415e-09
38 (QN/Block) 	Elapsed: 1.823	Loglikelihood: -1.24317e+06	(delta): -4.65661e-10
39 (QN/Block) 	Elapsed: 1.823	Loglikelihood: -1.24317e+06	(delta): 4.65661e-10
40 (QN/Block) 	Elapsed: 1.823	Loglikelihood: -1.24317e+06	(delta): -4.65661e-10
41 (QN/Block) 	Elapsed: 1.823	Loglikelihood: -1.24317e+06	(delta): 0
Summary: 
Converged in 41 iterations (79.208 sec)
Loglikelihood: -1243169.435218
Fst divergences between estimated populations: 
	Pop0	Pop1	Pop2	Pop3	Pop4	Pop5	Pop6	Pop7	Pop8	
Pop0	
Pop1	0.145	
Pop2	0.303	0.282	
Pop3	0.121	0.148	0.272	
Pop4	0.137	0.091	0.272	0.140	
Pop5	0.133	0.076	0.269	0.140	0.080	
Pop6	0.162	0.141	0.225	0.127	0.127	0.130	
Pop7	0.271	0.224	0.397	0.279	0.218	0.212	0.274	
Pop8	0.701	0.658	0.798	0.708	0.659	0.653	0.702	0.694	
Pop9	0.210	0.158	0.316	0.195	0.145	0.142	0.172	0.283	0.709	
CV error (K=10): 0.25140
Bootstrap replicate #0
