****                   ADMIXTURE Version 1.3.0                  ****
****                    Copyright 2008-2015                     ****
****           David Alexander, Suyash Shringarpure,            ****
****                John  Novembre, Ken Lange                   ****
****                                                            ****
****                 Please cite our paper!                     ****
****   Information at www.genetics.ucla.edu/software/admixture  ****

Cross-validation will be performed.  Folds=10.
Parallel execution requested.  Will use 48 threads.
Random seed: 1679814059
Point estimation method: Block relaxation algorithm
Convergence acceleration algorithm: QuasiNewton, 3 secant conditions
Point estimation will terminate when objective function delta < 1e-10
Will perform 1000 bootstrap resamplings to estimate standard errors.
Reestimation for each bootstrap replicate will terminate at 3 iterations
Size of G: 330x9285
Average base pair separation between consecutive markers: 0.0398535
Block size that will be used for block bootstrap: 250918919
Performing five EM steps to prime main algorithm
1 (EM) 	Elapsed: 1.287	Loglikelihood: -1.80481e+06	(delta): 2.5591e+06
2 (EM) 	Elapsed: 1.221	Loglikelihood: -1.69618e+06	(delta): 108634
3 (EM) 	Elapsed: 1.243	Loglikelihood: -1.67778e+06	(delta): 18404.3
4 (EM) 	Elapsed: 1.246	Loglikelihood: -1.66476e+06	(delta): 13020.9
5 (EM) 	Elapsed: 1.249	Loglikelihood: -1.65116e+06	(delta): 13594.3
Initial loglikelihood: -1.65116e+06
Starting main algorithm
1 (QN/Block) 	Elapsed: 2.098	Loglikelihood: -1.36325e+06	(delta): 287915
2 (QN/Block) 	Elapsed: 2.08	Loglikelihood: -1.27166e+06	(delta): 91583.8
3 (QN/Block) 	Elapsed: 2.108	Loglikelihood: -1.24715e+06	(delta): 24507.8
4 (QN/Block) 	Elapsed: 2.117	Loglikelihood: -1.23229e+06	(delta): 14868.8
5 (QN/Block) 	Elapsed: 2.106	Loglikelihood: -1.22784e+06	(delta): 4441.97
6 (QN/Block) 	Elapsed: 2.091	Loglikelihood: -1.22539e+06	(delta): 2451.3
7 (QN/Block) 	Elapsed: 2.105	Loglikelihood: -1.22444e+06	(delta): 954.38
8 (QN/Block) 	Elapsed: 2.126	Loglikelihood: -1.22404e+06	(delta): 393.616
9 (QN/Block) 	Elapsed: 2.124	Loglikelihood: -1.22386e+06	(delta): 182.327
10 (QN/Block) 	Elapsed: 2.106	Loglikelihood: -1.22369e+06	(delta): 167.904
11 (QN/Block) 	Elapsed: 2.107	Loglikelihood: -1.22361e+06	(delta): 82.9783
12 (QN/Block) 	Elapsed: 2.093	Loglikelihood: -1.22359e+06	(delta): 25.6157
13 (QN/Block) 	Elapsed: 2.111	Loglikelihood: -1.22357e+06	(delta): 13.8484
14 (QN/Block) 	Elapsed: 2.1	Loglikelihood: -1.22357e+06	(delta): 1.98474
15 (QN/Block) 	Elapsed: 2.119	Loglikelihood: -1.22357e+06	(delta): 1.66343
16 (QN/Block) 	Elapsed: 2.113	Loglikelihood: -1.22357e+06	(delta): 0.341629
17 (QN/Block) 	Elapsed: 2.114	Loglikelihood: -1.22357e+06	(delta): 0.148824
18 (QN/Block) 	Elapsed: 2.107	Loglikelihood: -1.22357e+06	(delta): 0.107081
19 (QN/Block) 	Elapsed: 2.133	Loglikelihood: -1.22357e+06	(delta): 0.0355102
20 (QN/Block) 	Elapsed: 2.109	Loglikelihood: -1.22357e+06	(delta): 0.0105647
21 (QN/Block) 	Elapsed: 2.1	Loglikelihood: -1.22357e+06	(delta): 0.00447878
22 (QN/Block) 	Elapsed: 2.105	Loglikelihood: -1.22357e+06	(delta): 0.00202589
23 (QN/Block) 	Elapsed: 2.097	Loglikelihood: -1.22357e+06	(delta): 0.000309223
24 (QN/Block) 	Elapsed: 2.123	Loglikelihood: -1.22357e+06	(delta): 0.000179314
25 (QN/Block) 	Elapsed: 2.107	Loglikelihood: -1.22357e+06	(delta): 6.43986e-06
26 (QN/Block) 	Elapsed: 2.104	Loglikelihood: -1.22357e+06	(delta): 2.84729e-06
27 (QN/Block) 	Elapsed: 2.108	Loglikelihood: -1.22357e+06	(delta): 4.49596e-07
28 (QN/Block) 	Elapsed: 2.092	Loglikelihood: -1.22357e+06	(delta): 3.39933e-08
29 (QN/Block) 	Elapsed: 2.085	Loglikelihood: -1.22357e+06	(delta): 1.39698e-09
30 (QN/Block) 	Elapsed: 2.116	Loglikelihood: -1.22357e+06	(delta): 3.0268e-09
31 (QN/Block) 	Elapsed: 2.105	Loglikelihood: -1.22357e+06	(delta): -4.65661e-10
32 (QN/Block) 	Elapsed: 2.104	Loglikelihood: -1.22357e+06	(delta): 4.65661e-10
33 (QN/Block) 	Elapsed: 2.091	Loglikelihood: -1.22357e+06	(delta): -2.32831e-10
34 (QN/Block) 	Elapsed: 2.095	Loglikelihood: -1.22357e+06	(delta): 4.65661e-10
35 (QN/Block) 	Elapsed: 2.109	Loglikelihood: -1.22357e+06	(delta): 2.79397e-09
36 (QN/Block) 	Elapsed: 2.086	Loglikelihood: -1.22357e+06	(delta): 4.65661e-10
37 (QN/Block) 	Elapsed: 2.094	Loglikelihood: -1.22357e+06	(delta): 9.31323e-10
38 (QN/Block) 	Elapsed: 2.09	Loglikelihood: -1.22357e+06	(delta): -4.65661e-10
39 (QN/Block) 	Elapsed: 2.115	Loglikelihood: -1.22357e+06	(delta): 1.62981e-09
40 (QN/Block) 	Elapsed: 2.119	Loglikelihood: -1.22357e+06	(delta): -2.32831e-10
41 (QN/Block) 	Elapsed: 2.102	Loglikelihood: -1.22357e+06	(delta): 3.95812e-09
42 (QN/Block) 	Elapsed: 2.095	Loglikelihood: -1.22357e+06	(delta): 1.16415e-09
43 (QN/Block) 	Elapsed: 2.111	Loglikelihood: -1.22357e+06	(delta): 4.65661e-10
44 (QN/Block) 	Elapsed: 2.095	Loglikelihood: -1.22357e+06	(delta): 9.31323e-10
45 (QN/Block) 	Elapsed: 2.093	Loglikelihood: -1.22357e+06	(delta): 9.31323e-10
46 (QN/Block) 	Elapsed: 2.106	Loglikelihood: -1.22357e+06	(delta): -2.32831e-10
47 (QN/Block) 	Elapsed: 2.112	Loglikelihood: -1.22357e+06	(delta): -6.98492e-10
48 (QN/Block) 	Elapsed: 2.101	Loglikelihood: -1.22357e+06	(delta): 2.32831e-10
49 (QN/Block) 	Elapsed: 2.097	Loglikelihood: -1.22357e+06	(delta): 2.32831e-10
50 (QN/Block) 	Elapsed: 2.105	Loglikelihood: -1.22357e+06	(delta): -2.32831e-10
51 (QN/Block) 	Elapsed: 2.097	Loglikelihood: -1.22357e+06	(delta): 4.65661e-10
52 (QN/Block) 	Elapsed: 2.088	Loglikelihood: -1.22357e+06	(delta): -4.65661e-10
53 (QN/Block) 	Elapsed: 2.096	Loglikelihood: -1.22357e+06	(delta): 2.32831e-10
54 (QN/Block) 	Elapsed: 2.107	Loglikelihood: -1.22357e+06	(delta): 4.65661e-10
55 (QN/Block) 	Elapsed: 2.104	Loglikelihood: -1.22357e+06	(delta): -1.16415e-09
56 (QN/Block) 	Elapsed: 2.089	Loglikelihood: -1.22357e+06	(delta): 6.98492e-10
57 (QN/Block) 	Elapsed: 2.085	Loglikelihood: -1.22357e+06	(delta): 4.65661e-10
58 (QN/Block) 	Elapsed: 2.094	Loglikelihood: -1.22357e+06	(delta): 4.65661e-10
59 (QN/Block) 	Elapsed: 2.085	Loglikelihood: -1.22357e+06	(delta): 0
Summary: 
Converged in 59 iterations (130.485 sec)
Loglikelihood: -1223567.628598
Fst divergences between estimated populations: 
	Pop0	Pop1	Pop2	Pop3	Pop4	Pop5	Pop6	Pop7	Pop8	Pop9	Pop10	
Pop0	
Pop1	0.222	
Pop2	0.179	0.156	
Pop3	0.178	0.156	0.125	
Pop4	0.200	0.128	0.156	0.135	
Pop5	0.221	0.121	0.155	0.161	0.162	
Pop6	0.175	0.158	0.119	0.122	0.146	0.152	
Pop7	0.296	0.279	0.222	0.248	0.275	0.272	0.230	
Pop8	0.719	0.712	0.668	0.687	0.706	0.704	0.671	0.698	
Pop9	0.194	0.173	0.133	0.147	0.170	0.171	0.112	0.236	0.624	
Pop10	0.161	0.142	0.089	0.104	0.132	0.136	0.085	0.216	0.660	0.113	
Pop11	0.345	0.272	0.294	0.282	0.224	0.302	0.290	0.397	0.802	0.292	0.271	
CV error (K=12): 0.25246
Bootstrap replicate #0
