****                   ADMIXTURE Version 1.3.0                  ****
****                    Copyright 2008-2015                     ****
****           David Alexander, Suyash Shringarpure,            ****
****                John  Novembre, Ken Lange                   ****
****                                                            ****
****                 Please cite our paper!                     ****
****   Information at www.genetics.ucla.edu/software/admixture  ****

Cross-validation will be performed.  Folds=10.
Parallel execution requested.  Will use 48 threads.
Random seed: 1679813326
Point estimation method: Block relaxation algorithm
Convergence acceleration algorithm: QuasiNewton, 3 secant conditions
Point estimation will terminate when objective function delta < 1e-10
Will perform 1000 bootstrap resamplings to estimate standard errors.
Reestimation for each bootstrap replicate will terminate at 3 iterations
Size of G: 330x9285
Average base pair separation between consecutive markers: 0.0398535
Block size that will be used for block bootstrap: 250918919
Performing five EM steps to prime main algorithm
1 (EM) 	Elapsed: 0.552	Loglikelihood: -1.80419e+06	(delta): 2.84209e+06
2 (EM) 	Elapsed: 0.559	Loglikelihood: -1.7018e+06	(delta): 102394
3 (EM) 	Elapsed: 0.548	Loglikelihood: -1.68044e+06	(delta): 21352.9
4 (EM) 	Elapsed: 0.548	Loglikelihood: -1.66569e+06	(delta): 14754.8
5 (EM) 	Elapsed: 0.548	Loglikelihood: -1.65143e+06	(delta): 14256.1
Initial loglikelihood: -1.65143e+06
Starting main algorithm
1 (QN/Block) 	Elapsed: 1.105	Loglikelihood: -1.433e+06	(delta): 218433
2 (QN/Block) 	Elapsed: 1.103	Loglikelihood: -1.36296e+06	(delta): 70035.9
3 (QN/Block) 	Elapsed: 1.112	Loglikelihood: -1.34266e+06	(delta): 20303.3
4 (QN/Block) 	Elapsed: 1.106	Loglikelihood: -1.3253e+06	(delta): 17362.4
5 (QN/Block) 	Elapsed: 1.11	Loglikelihood: -1.32e+06	(delta): 5299.16
6 (QN/Block) 	Elapsed: 1.106	Loglikelihood: -1.31928e+06	(delta): 722.557
7 (QN/Block) 	Elapsed: 1.11	Loglikelihood: -1.31889e+06	(delta): 384.595
8 (QN/Block) 	Elapsed: 1.108	Loglikelihood: -1.31877e+06	(delta): 122.317
9 (QN/Block) 	Elapsed: 1.142	Loglikelihood: -1.31872e+06	(delta): 46.6125
10 (QN/Block) 	Elapsed: 1.155	Loglikelihood: -1.31871e+06	(delta): 15.3803
11 (QN/Block) 	Elapsed: 1.156	Loglikelihood: -1.3187e+06	(delta): 5.16286
12 (QN/Block) 	Elapsed: 1.157	Loglikelihood: -1.3187e+06	(delta): 0.764292
13 (QN/Block) 	Elapsed: 1.159	Loglikelihood: -1.3187e+06	(delta): 0.129358
14 (QN/Block) 	Elapsed: 1.155	Loglikelihood: -1.3187e+06	(delta): 0.00767716
15 (QN/Block) 	Elapsed: 1.155	Loglikelihood: -1.3187e+06	(delta): 0.0025853
16 (QN/Block) 	Elapsed: 1.155	Loglikelihood: -1.3187e+06	(delta): 0.00010733
17 (QN/Block) 	Elapsed: 1.155	Loglikelihood: -1.3187e+06	(delta): 1.44101e-05
18 (QN/Block) 	Elapsed: 1.155	Loglikelihood: -1.3187e+06	(delta): 1.6964e-06
19 (QN/Block) 	Elapsed: 1.155	Loglikelihood: -1.3187e+06	(delta): 6.91507e-08
20 (QN/Block) 	Elapsed: 1.155	Loglikelihood: -1.3187e+06	(delta): 3.49246e-09
21 (QN/Block) 	Elapsed: 1.158	Loglikelihood: -1.3187e+06	(delta): 4.65661e-10
22 (QN/Block) 	Elapsed: 1.158	Loglikelihood: -1.3187e+06	(delta): -4.65661e-10
23 (QN/Block) 	Elapsed: 1.168	Loglikelihood: -1.3187e+06	(delta): 2.32831e-10
24 (QN/Block) 	Elapsed: 1.163	Loglikelihood: -1.3187e+06	(delta): -2.32831e-10
25 (QN/Block) 	Elapsed: 1.157	Loglikelihood: -1.3187e+06	(delta): -2.32831e-10
26 (QN/Block) 	Elapsed: 1.158	Loglikelihood: -1.3187e+06	(delta): 2.32831e-10
27 (QN/Block) 	Elapsed: 1.158	Loglikelihood: -1.3187e+06	(delta): -4.65661e-10
28 (QN/Block) 	Elapsed: 1.155	Loglikelihood: -1.3187e+06	(delta): 0
Summary: 
Converged in 28 iterations (34.801 sec)
Loglikelihood: -1318700.059684
Fst divergences between estimated populations: 
	Pop0	Pop1	Pop2	Pop3	
Pop0	
Pop1	0.709	
Pop2	0.145	0.689	
Pop3	0.293	0.686	0.266	
Pop4	0.135	0.635	0.107	0.196	
CV error (K=5): 0.26183
Bootstrap replicate #0
