****                   ADMIXTURE Version 1.3.0                  ****
****                    Copyright 2008-2015                     ****
****           David Alexander, Suyash Shringarpure,            ****
****                John  Novembre, Ken Lange                   ****
****                                                            ****
****                 Please cite our paper!                     ****
****   Information at www.genetics.ucla.edu/software/admixture  ****

Cross-validation will be performed.  Folds=10.
Parallel execution requested.  Will use 48 threads.
Random seed: 1679813394
Point estimation method: Block relaxation algorithm
Convergence acceleration algorithm: QuasiNewton, 3 secant conditions
Point estimation will terminate when objective function delta < 1e-10
Will perform 1000 bootstrap resamplings to estimate standard errors.
Reestimation for each bootstrap replicate will terminate at 3 iterations
Size of G: 330x9285
Average base pair separation between consecutive markers: 0.0398535
Block size that will be used for block bootstrap: 250918919
Performing five EM steps to prime main algorithm
1 (EM) 	Elapsed: 0.36	Loglikelihood: -1.80776e+06	(delta): 2.74354e+06
2 (EM) 	Elapsed: 0.36	Loglikelihood: -1.70665e+06	(delta): 101107
3 (EM) 	Elapsed: 0.362	Loglikelihood: -1.68896e+06	(delta): 17692.6
4 (EM) 	Elapsed: 0.353	Loglikelihood: -1.67866e+06	(delta): 10294.1
5 (EM) 	Elapsed: 0.353	Loglikelihood: -1.66963e+06	(delta): 9029.48
Initial loglikelihood: -1.66963e+06
Starting main algorithm
1 (QN/Block) 	Elapsed: 1.216	Loglikelihood: -1.44292e+06	(delta): 226711
2 (QN/Block) 	Elapsed: 1.215	Loglikelihood: -1.36206e+06	(delta): 80858.4
3 (QN/Block) 	Elapsed: 1.227	Loglikelihood: -1.32952e+06	(delta): 32544.8
4 (QN/Block) 	Elapsed: 1.223	Loglikelihood: -1.31276e+06	(delta): 16754.3
5 (QN/Block) 	Elapsed: 1.224	Loglikelihood: -1.30239e+06	(delta): 10374.2
6 (QN/Block) 	Elapsed: 1.22	Loglikelihood: -1.29978e+06	(delta): 2610.37
7 (QN/Block) 	Elapsed: 1.223	Loglikelihood: -1.29911e+06	(delta): 668.085
8 (QN/Block) 	Elapsed: 1.219	Loglikelihood: -1.29892e+06	(delta): 190.493
9 (QN/Block) 	Elapsed: 1.219	Loglikelihood: -1.29888e+06	(delta): 43.3761
10 (QN/Block) 	Elapsed: 1.223	Loglikelihood: -1.29886e+06	(delta): 14.3665
11 (QN/Block) 	Elapsed: 1.219	Loglikelihood: -1.29886e+06	(delta): 1.4492
12 (QN/Block) 	Elapsed: 1.218	Loglikelihood: -1.29886e+06	(delta): 0.247582
13 (QN/Block) 	Elapsed: 1.222	Loglikelihood: -1.29886e+06	(delta): 0.0536208
14 (QN/Block) 	Elapsed: 1.218	Loglikelihood: -1.29886e+06	(delta): 0.00717772
15 (QN/Block) 	Elapsed: 1.219	Loglikelihood: -1.29886e+06	(delta): 0.00125556
16 (QN/Block) 	Elapsed: 1.221	Loglikelihood: -1.29886e+06	(delta): 0.000417803
17 (QN/Block) 	Elapsed: 1.224	Loglikelihood: -1.29886e+06	(delta): 3.91633e-05
18 (QN/Block) 	Elapsed: 1.22	Loglikelihood: -1.29886e+06	(delta): 2.9332e-06
19 (QN/Block) 	Elapsed: 1.22	Loglikelihood: -1.29886e+06	(delta): 2.95695e-08
20 (QN/Block) 	Elapsed: 1.22	Loglikelihood: -1.29886e+06	(delta): 5.58794e-09
21 (QN/Block) 	Elapsed: 1.224	Loglikelihood: -1.29886e+06	(delta): 2.32831e-10
22 (QN/Block) 	Elapsed: 1.221	Loglikelihood: -1.29886e+06	(delta): 4.65661e-10
23 (QN/Block) 	Elapsed: 1.227	Loglikelihood: -1.29886e+06	(delta): -2.32831e-10
24 (QN/Block) 	Elapsed: 1.224	Loglikelihood: -1.29886e+06	(delta): 6.98492e-10
25 (QN/Block) 	Elapsed: 1.223	Loglikelihood: -1.29886e+06	(delta): -2.32831e-10
26 (QN/Block) 	Elapsed: 1.221	Loglikelihood: -1.29886e+06	(delta): 6.98492e-10
27 (QN/Block) 	Elapsed: 1.226	Loglikelihood: -1.29886e+06	(delta): 9.31323e-10
28 (QN/Block) 	Elapsed: 1.225	Loglikelihood: -1.29886e+06	(delta): 0
Summary: 
Converged in 28 iterations (36.05 sec)
Loglikelihood: -1298861.688532
Fst divergences between estimated populations: 
	Pop0	Pop1	Pop2	Pop3	Pop4	
Pop0	
Pop1	0.134	
Pop2	0.177	0.108	
Pop3	0.292	0.196	0.264	
Pop4	0.709	0.636	0.687	0.687	
Pop5	0.145	0.120	0.114	0.278	0.699	
CV error (K=6): 0.25833
Bootstrap replicate #0
