****                   ADMIXTURE Version 1.3.0                  ****
****                    Copyright 2008-2015                     ****
****           David Alexander, Suyash Shringarpure,            ****
****                John  Novembre, Ken Lange                   ****
****                                                            ****
****                 Please cite our paper!                     ****
****   Information at www.genetics.ucla.edu/software/admixture  ****

Cross-validation will be performed.  Folds=10.
Parallel execution requested.  Will use 48 threads.
Random seed: 1679813468
Point estimation method: Block relaxation algorithm
Convergence acceleration algorithm: QuasiNewton, 3 secant conditions
Point estimation will terminate when objective function delta < 1e-10
Will perform 1000 bootstrap resamplings to estimate standard errors.
Reestimation for each bootstrap replicate will terminate at 3 iterations
Size of G: 330x9285
Average base pair separation between consecutive markers: 0.0398535
Block size that will be used for block bootstrap: 250918919
Performing five EM steps to prime main algorithm
1 (EM) 	Elapsed: 0.659	Loglikelihood: -1.80666e+06	(delta): 2.6897e+06
2 (EM) 	Elapsed: 0.644	Loglikelihood: -1.70289e+06	(delta): 103770
3 (EM) 	Elapsed: 0.623	Loglikelihood: -1.68331e+06	(delta): 19587.4
4 (EM) 	Elapsed: 0.623	Loglikelihood: -1.66937e+06	(delta): 13931.6
5 (EM) 	Elapsed: 0.623	Loglikelihood: -1.65473e+06	(delta): 14644.3
Initial loglikelihood: -1.65473e+06
Starting main algorithm
1 (QN/Block) 	Elapsed: 1.454	Loglikelihood: -1.41364e+06	(delta): 241089
2 (QN/Block) 	Elapsed: 1.458	Loglikelihood: -1.31876e+06	(delta): 94880.7
3 (QN/Block) 	Elapsed: 1.523	Loglikelihood: -1.29918e+06	(delta): 19578
4 (QN/Block) 	Elapsed: 1.518	Loglikelihood: -1.28999e+06	(delta): 9193.55
5 (QN/Block) 	Elapsed: 1.518	Loglikelihood: -1.28694e+06	(delta): 3044.62
6 (QN/Block) 	Elapsed: 1.512	Loglikelihood: -1.28599e+06	(delta): 957.948
7 (QN/Block) 	Elapsed: 1.516	Loglikelihood: -1.28572e+06	(delta): 269.142
8 (QN/Block) 	Elapsed: 1.515	Loglikelihood: -1.28566e+06	(delta): 56.0731
9 (QN/Block) 	Elapsed: 1.512	Loglikelihood: -1.28565e+06	(delta): 15.1439
10 (QN/Block) 	Elapsed: 1.513	Loglikelihood: -1.28564e+06	(delta): 4.10913
11 (QN/Block) 	Elapsed: 1.516	Loglikelihood: -1.28564e+06	(delta): 0.731182
12 (QN/Block) 	Elapsed: 1.511	Loglikelihood: -1.28564e+06	(delta): 0.288927
13 (QN/Block) 	Elapsed: 1.514	Loglikelihood: -1.28564e+06	(delta): 0.166208
14 (QN/Block) 	Elapsed: 1.513	Loglikelihood: -1.28564e+06	(delta): 0.0733291
15 (QN/Block) 	Elapsed: 1.519	Loglikelihood: -1.28564e+06	(delta): 0.0974329
16 (QN/Block) 	Elapsed: 1.514	Loglikelihood: -1.28564e+06	(delta): 0.0599041
17 (QN/Block) 	Elapsed: 1.511	Loglikelihood: -1.28564e+06	(delta): 0.0666316
18 (QN/Block) 	Elapsed: 1.517	Loglikelihood: -1.28564e+06	(delta): 0.0233892
19 (QN/Block) 	Elapsed: 1.515	Loglikelihood: -1.28564e+06	(delta): 0.0357472
20 (QN/Block) 	Elapsed: 1.514	Loglikelihood: -1.28564e+06	(delta): 0.015666
21 (QN/Block) 	Elapsed: 1.515	Loglikelihood: -1.28564e+06	(delta): 0.014641
22 (QN/Block) 	Elapsed: 1.517	Loglikelihood: -1.28564e+06	(delta): 0.0343673
23 (QN/Block) 	Elapsed: 1.516	Loglikelihood: -1.28564e+06	(delta): 0.00628809
24 (QN/Block) 	Elapsed: 1.513	Loglikelihood: -1.28564e+06	(delta): 0.023366
25 (QN/Block) 	Elapsed: 1.516	Loglikelihood: -1.28564e+06	(delta): 0.00364862
26 (QN/Block) 	Elapsed: 1.512	Loglikelihood: -1.28564e+06	(delta): 0.000483865
27 (QN/Block) 	Elapsed: 1.513	Loglikelihood: -1.28564e+06	(delta): 1.84178e-05
28 (QN/Block) 	Elapsed: 1.513	Loglikelihood: -1.28564e+06	(delta): 8.48086e-06
29 (QN/Block) 	Elapsed: 1.513	Loglikelihood: -1.28564e+06	(delta): 3.87686e-06
30 (QN/Block) 	Elapsed: 1.513	Loglikelihood: -1.28564e+06	(delta): 1.22376e-06
31 (QN/Block) 	Elapsed: 1.513	Loglikelihood: -1.28564e+06	(delta): 3.60655e-07
32 (QN/Block) 	Elapsed: 1.513	Loglikelihood: -1.28564e+06	(delta): 4.79631e-08
33 (QN/Block) 	Elapsed: 1.514	Loglikelihood: -1.28564e+06	(delta): 3.28291e-08
34 (QN/Block) 	Elapsed: 1.523	Loglikelihood: -1.28564e+06	(delta): 1.32713e-08
35 (QN/Block) 	Elapsed: 1.513	Loglikelihood: -1.28564e+06	(delta): 2.09548e-09
36 (QN/Block) 	Elapsed: 1.513	Loglikelihood: -1.28564e+06	(delta): 4.65661e-10
37 (QN/Block) 	Elapsed: 1.512	Loglikelihood: -1.28564e+06	(delta): 1.16415e-09
38 (QN/Block) 	Elapsed: 1.513	Loglikelihood: -1.28564e+06	(delta): 9.31323e-10
39 (QN/Block) 	Elapsed: 1.516	Loglikelihood: -1.28564e+06	(delta): 4.65661e-10
40 (QN/Block) 	Elapsed: 1.519	Loglikelihood: -1.28564e+06	(delta): 2.32831e-10
41 (QN/Block) 	Elapsed: 1.517	Loglikelihood: -1.28564e+06	(delta): 0
Summary: 
Converged in 41 iterations (65.306 sec)
Loglikelihood: -1285639.851253
Fst divergences between estimated populations: 
	Pop0	Pop1	Pop2	Pop3	Pop4	Pop5	
Pop0	
Pop1	0.072	
Pop2	0.142	0.126	
Pop3	0.651	0.642	0.699	
Pop4	0.162	0.139	0.146	0.710	
Pop5	0.131	0.114	0.114	0.688	0.178	
Pop6	0.217	0.204	0.278	0.687	0.293	0.264	
CV error (K=7): 0.25698
Bootstrap replicate #0
