****                   ADMIXTURE Version 1.3.0                  ****
****                    Copyright 2008-2015                     ****
****           David Alexander, Suyash Shringarpure,            ****
****                John  Novembre, Ken Lange                   ****
****                                                            ****
****                 Please cite our paper!                     ****
****   Information at www.genetics.ucla.edu/software/admixture  ****

Cross-validation will be performed.  Folds=10.
Parallel execution requested.  Will use 48 threads.
Random seed: 1684977839
Point estimation method: Block relaxation algorithm
Convergence acceleration algorithm: QuasiNewton, 3 secant conditions
Point estimation will terminate when objective function delta < 1e-10
Estimation of standard errors disabled; will compute point estimates only.
Size of G: 285x14444
Performing five EM steps to prime main algorithm
1 (EM) 	Elapsed: 0.342	Loglikelihood: -1.92358e+06	(delta): 2.32161e+06
2 (EM) 	Elapsed: 0.356	Loglikelihood: -1.86438e+06	(delta): 59197.9
3 (EM) 	Elapsed: 0.42	Loglikelihood: -1.84951e+06	(delta): 14872.7
4 (EM) 	Elapsed: 0.468	Loglikelihood: -1.84014e+06	(delta): 9376.33
5 (EM) 	Elapsed: 0.507	Loglikelihood: -1.83343e+06	(delta): 6704.12
Initial loglikelihood: -1.83343e+06
Starting main algorithm
1 (QN/Block) 	Elapsed: 0.981	Loglikelihood: -1.74727e+06	(delta): 86165.9
2 (QN/Block) 	Elapsed: 0.975	Loglikelihood: -1.69681e+06	(delta): 50451.1
3 (QN/Block) 	Elapsed: 0.99	Loglikelihood: -1.68248e+06	(delta): 14335.8
4 (QN/Block) 	Elapsed: 0.987	Loglikelihood: -1.67454e+06	(delta): 7943.2
5 (QN/Block) 	Elapsed: 0.989	Loglikelihood: -1.66852e+06	(delta): 6019.2
6 (QN/Block) 	Elapsed: 0.987	Loglikelihood: -1.66567e+06	(delta): 2842.98
7 (QN/Block) 	Elapsed: 0.984	Loglikelihood: -1.66435e+06	(delta): 1319.93
8 (QN/Block) 	Elapsed: 0.995	Loglikelihood: -1.6636e+06	(delta): 757.458
9 (QN/Block) 	Elapsed: 0.987	Loglikelihood: -1.66332e+06	(delta): 273.471
10 (QN/Block) 	Elapsed: 0.99	Loglikelihood: -1.66323e+06	(delta): 92.7741
11 (QN/Block) 	Elapsed: 0.986	Loglikelihood: -1.66319e+06	(delta): 42.0087
12 (QN/Block) 	Elapsed: 0.991	Loglikelihood: -1.66318e+06	(delta): 11.4813
13 (QN/Block) 	Elapsed: 0.995	Loglikelihood: -1.66318e+06	(delta): 0.743577
14 (QN/Block) 	Elapsed: 0.999	Loglikelihood: -1.66318e+06	(delta): 0.101655
15 (QN/Block) 	Elapsed: 0.985	Loglikelihood: -1.66318e+06	(delta): 0.0555648
16 (QN/Block) 	Elapsed: 0.99	Loglikelihood: -1.66318e+06	(delta): 0.0127044
17 (QN/Block) 	Elapsed: 0.993	Loglikelihood: -1.66318e+06	(delta): 0.00175909
18 (QN/Block) 	Elapsed: 0.986	Loglikelihood: -1.66318e+06	(delta): 9.05728e-05
19 (QN/Block) 	Elapsed: 0.986	Loglikelihood: -1.66318e+06	(delta): 2.78587e-05
20 (QN/Block) 	Elapsed: 0.986	Loglikelihood: -1.66318e+06	(delta): 8.36793e-07
21 (QN/Block) 	Elapsed: 0.987	Loglikelihood: -1.66318e+06	(delta): 1.07102e-08
22 (QN/Block) 	Elapsed: 0.989	Loglikelihood: -1.66318e+06	(delta): 6.98492e-10
23 (QN/Block) 	Elapsed: 0.986	Loglikelihood: -1.66318e+06	(delta): 0
Summary: 
Converged in 23 iterations (24.912 sec)
Loglikelihood: -1663175.579742
Fst divergences between estimated populations: 
	Pop0	Pop1	Pop2	
Pop0	
Pop1	0.033	
Pop2	0.056	0.034	
Pop3	0.136	0.131	0.137	
CV error (K=4): 0.12098
Writing output files.
