****                   ADMIXTURE Version 1.3.0                  ****
****                    Copyright 2008-2015                     ****
****           David Alexander, Suyash Shringarpure,            ****
****                John  Novembre, Ken Lange                   ****
****                                                            ****
****                 Please cite our paper!                     ****
****   Information at www.genetics.ucla.edu/software/admixture  ****

Cross-validation will be performed.  Folds=10.
Parallel execution requested.  Will use 48 threads.
Random seed: 1679788262
Point estimation method: Block relaxation algorithm
Convergence acceleration algorithm: QuasiNewton, 3 secant conditions
Point estimation will terminate when objective function delta < 1e-10
Estimation of standard errors disabled; will compute point estimates only.
Size of G: 330x9285
Performing five EM steps to prime main algorithm
1 (EM) 	Elapsed: 0.341	Loglikelihood: -1.80251e+06	(delta): 2.8965e+06
2 (EM) 	Elapsed: 0.341	Loglikelihood: -1.70676e+06	(delta): 95746.6
3 (EM) 	Elapsed: 0.339	Loglikelihood: -1.68935e+06	(delta): 17412.8
4 (EM) 	Elapsed: 0.345	Loglikelihood: -1.67913e+06	(delta): 10224.5
5 (EM) 	Elapsed: 0.335	Loglikelihood: -1.67053e+06	(delta): 8596.98
Initial loglikelihood: -1.67053e+06
Starting main algorithm
1 (QN/Block) 	Elapsed: 1.075	Loglikelihood: -1.5122e+06	(delta): 158325
2 (QN/Block) 	Elapsed: 1.078	Loglikelihood: -1.41649e+06	(delta): 95713
3 (QN/Block) 	Elapsed: 1.08	Loglikelihood: -1.3916e+06	(delta): 24887.5
4 (QN/Block) 	Elapsed: 1.087	Loglikelihood: -1.37393e+06	(delta): 17676.5
5 (QN/Block) 	Elapsed: 1.077	Loglikelihood: -1.36743e+06	(delta): 6494.47
6 (QN/Block) 	Elapsed: 1.083	Loglikelihood: -1.35916e+06	(delta): 8275.72
7 (QN/Block) 	Elapsed: 1.089	Loglikelihood: -1.35105e+06	(delta): 8110.91
8 (QN/Block) 	Elapsed: 1.076	Loglikelihood: -1.34866e+06	(delta): 2382.97
9 (QN/Block) 	Elapsed: 1.086	Loglikelihood: -1.34844e+06	(delta): 226.09
10 (QN/Block) 	Elapsed: 1.08	Loglikelihood: -1.34834e+06	(delta): 94.9233
11 (QN/Block) 	Elapsed: 1.081	Loglikelihood: -1.34831e+06	(delta): 32.5251
12 (QN/Block) 	Elapsed: 1.08	Loglikelihood: -1.3483e+06	(delta): 11.7059
13 (QN/Block) 	Elapsed: 1.087	Loglikelihood: -1.3483e+06	(delta): 0.784805
14 (QN/Block) 	Elapsed: 1.077	Loglikelihood: -1.3483e+06	(delta): 0.0173086
15 (QN/Block) 	Elapsed: 1.078	Loglikelihood: -1.3483e+06	(delta): 0.0104549
16 (QN/Block) 	Elapsed: 1.088	Loglikelihood: -1.3483e+06	(delta): 0.00572044
17 (QN/Block) 	Elapsed: 1.087	Loglikelihood: -1.3483e+06	(delta): 0.00709145
18 (QN/Block) 	Elapsed: 1.082	Loglikelihood: -1.3483e+06	(delta): 0.000418691
19 (QN/Block) 	Elapsed: 1.085	Loglikelihood: -1.3483e+06	(delta): 0.00043079
20 (QN/Block) 	Elapsed: 1.083	Loglikelihood: -1.3483e+06	(delta): 0.000207367
21 (QN/Block) 	Elapsed: 1.091	Loglikelihood: -1.3483e+06	(delta): 8.38749e-06
22 (QN/Block) 	Elapsed: 1.083	Loglikelihood: -1.3483e+06	(delta): 8.07922e-07
23 (QN/Block) 	Elapsed: 1.079	Loglikelihood: -1.3483e+06	(delta): 2.12109e-07
24 (QN/Block) 	Elapsed: 1.082	Loglikelihood: -1.3483e+06	(delta): 1.49012e-07
25 (QN/Block) 	Elapsed: 1.089	Loglikelihood: -1.3483e+06	(delta): 3.95812e-09
26 (QN/Block) 	Elapsed: 1.086	Loglikelihood: -1.3483e+06	(delta): 2.32831e-10
27 (QN/Block) 	Elapsed: 1.078	Loglikelihood: -1.3483e+06	(delta): 4.65661e-10
28 (QN/Block) 	Elapsed: 1.084	Loglikelihood: -1.3483e+06	(delta): 6.98492e-10
29 (QN/Block) 	Elapsed: 1.09	Loglikelihood: -1.3483e+06	(delta): 2.32831e-10
30 (QN/Block) 	Elapsed: 1.083	Loglikelihood: -1.3483e+06	(delta): 4.65661e-10
31 (QN/Block) 	Elapsed: 1.084	Loglikelihood: -1.3483e+06	(delta): -6.98492e-10
32 (QN/Block) 	Elapsed: 1.079	Loglikelihood: -1.3483e+06	(delta): 0
Summary: 
Converged in 32 iterations (36.405 sec)
Loglikelihood: -1348297.404184
Fst divergences between estimated populations: 
	Pop0	Pop1	Pop2	
Pop0	
Pop1	0.684	
Pop2	0.259	0.686	
Pop3	0.093	0.635	0.196	
CV error (K=4): 0.26980
Writing output files.
