****                   ADMIXTURE Version 1.3.0                  ****
****                    Copyright 2008-2015                     ****
****           David Alexander, Suyash Shringarpure,            ****
****                John  Novembre, Ken Lange                   ****
****                                                            ****
****                 Please cite our paper!                     ****
****   Information at www.genetics.ucla.edu/software/admixture  ****

Cross-validation will be performed.  Folds=10.
Parallel execution requested.  Will use 48 threads.
Random seed: 1684977997
Point estimation method: Block relaxation algorithm
Convergence acceleration algorithm: QuasiNewton, 3 secant conditions
Point estimation will terminate when objective function delta < 1e-10
Estimation of standard errors disabled; will compute point estimates only.
Size of G: 576x14444
Performing five EM steps to prime main algorithm
1 (EM) 	Elapsed: 0.69	Loglikelihood: -3.97951e+06	(delta): 4.75395e+06
2 (EM) 	Elapsed: 0.689	Loglikelihood: -3.86108e+06	(delta): 118433
3 (EM) 	Elapsed: 0.693	Loglikelihood: -3.83192e+06	(delta): 29160.9
4 (EM) 	Elapsed: 0.688	Loglikelihood: -3.8138e+06	(delta): 18125.2
5 (EM) 	Elapsed: 0.698	Loglikelihood: -3.80071e+06	(delta): 13085.9
Initial loglikelihood: -3.80071e+06
Starting main algorithm
1 (QN/Block) 	Elapsed: 2.018	Loglikelihood: -3.5434e+06	(delta): 257314
2 (QN/Block) 	Elapsed: 2.018	Loglikelihood: -3.48278e+06	(delta): 60617.6
3 (QN/Block) 	Elapsed: 2.031	Loglikelihood: -3.45597e+06	(delta): 26812.8
4 (QN/Block) 	Elapsed: 2.041	Loglikelihood: -3.43921e+06	(delta): 16752.2
5 (QN/Block) 	Elapsed: 2.056	Loglikelihood: -3.43339e+06	(delta): 5828.18
6 (QN/Block) 	Elapsed: 2.057	Loglikelihood: -3.43151e+06	(delta): 1871.23
7 (QN/Block) 	Elapsed: 2.039	Loglikelihood: -3.43119e+06	(delta): 320.433
8 (QN/Block) 	Elapsed: 2.024	Loglikelihood: -3.43109e+06	(delta): 100.729
9 (QN/Block) 	Elapsed: 2.03	Loglikelihood: -3.43108e+06	(delta): 18.0527
10 (QN/Block) 	Elapsed: 2.023	Loglikelihood: -3.43107e+06	(delta): 1.73513
11 (QN/Block) 	Elapsed: 2.023	Loglikelihood: -3.43107e+06	(delta): 0.379423
12 (QN/Block) 	Elapsed: 2.021	Loglikelihood: -3.43107e+06	(delta): 0.0806586
13 (QN/Block) 	Elapsed: 2.029	Loglikelihood: -3.43107e+06	(delta): 0.0683891
14 (QN/Block) 	Elapsed: 2.032	Loglikelihood: -3.43107e+06	(delta): 0.0180415
15 (QN/Block) 	Elapsed: 2.026	Loglikelihood: -3.43107e+06	(delta): 0.00953402
16 (QN/Block) 	Elapsed: 2.022	Loglikelihood: -3.43107e+06	(delta): 0.000406303
17 (QN/Block) 	Elapsed: 2.032	Loglikelihood: -3.43107e+06	(delta): 0.000131508
18 (QN/Block) 	Elapsed: 2.023	Loglikelihood: -3.43107e+06	(delta): 3.08175e-05
19 (QN/Block) 	Elapsed: 2.017	Loglikelihood: -3.43107e+06	(delta): 5.70389e-06
20 (QN/Block) 	Elapsed: 2.017	Loglikelihood: -3.43107e+06	(delta): 1.60607e-06
21 (QN/Block) 	Elapsed: 2.017	Loglikelihood: -3.43107e+06	(delta): 5.53206e-07
22 (QN/Block) 	Elapsed: 2.018	Loglikelihood: -3.43107e+06	(delta): 5.86733e-08
23 (QN/Block) 	Elapsed: 2.017	Loglikelihood: -3.43107e+06	(delta): 3.25963e-09
24 (QN/Block) 	Elapsed: 2.026	Loglikelihood: -3.43107e+06	(delta): -4.65661e-10
25 (QN/Block) 	Elapsed: 2.034	Loglikelihood: -3.43107e+06	(delta): 4.65661e-10
26 (QN/Block) 	Elapsed: 2.032	Loglikelihood: -3.43107e+06	(delta): 0
Summary: 
Converged in 26 iterations (56.296 sec)
Loglikelihood: -3431072.997929
Fst divergences between estimated populations: 
	Pop0	Pop1	Pop2	
Pop0	
Pop1	0.134	
Pop2	0.136	0.038	
Pop3	0.136	0.031	0.052	
CV error (K=4): 0.11086
Writing output files.
