populations v2.64, executed 2023-03-25 20:40:24 (zlib-1.2.11)
populations -V Cassiope_r30i.noN.vcf.gz -O ./TreeMix_mer -M list_pops_5pop_mer.tsv --treemix
Locus/sample distributions will be written to './TreeMix_mer/Cassiope_r30i.noN.p.log.distribs'.
populations parameters selected:
  Input mode: VCF
  Percent samples limit per population: 0
  Locus Population limit: 1
  Percent samples overall: 0
  Minor allele frequency cutoff: 0
  Maximum observed heterozygosity cutoff: 1
  Applying Fst correction: none.
  Pi/Fis kernel smoothing: off
  F-stats kernel smoothing: off
  Bootstrap resampling: off

Parsing population map...
The population map contained 128 samples, 5 population(s), 1 group(s).
Opening the VCF file...
Warning: Of the samples listed in the population map, 1 could not be found in the VCF :Working on 127 samples.
Working on 5 population(s):
    Russia: PopSAM_1, PopSAM_1a, PopSAM_2, PopSAM_2a, PopSAM_3, PopSAM_4, PopSAM_5, PopYED_1, PopYED_1a, PopYED_2, PopYED_2a, PopYED_3, 
            PopYED_3a, PopYED_4, PopYED_5, PopYED_5a
    Alaska: PopIMN_11, PopIMN_13, PopIMN_15, PopIMN_17, PopIMN_2, PopIMN_20, PopIMN_21, PopIMN_5, PopIMN_7, PopMAT_13, PopMAT_18, PopMAT_2, 
            PopMAT_3, PopMAT_5, PopMAT_7, PopMIL_2, PopMIL_25, PopMNT_12, PopMNT_17, PopMNT_18, PopMNT_21, PopMNT_22, PopMNT_23, PopMNT_4, 
            PopMNT_5, PopMNT_7, PopMNT_9, PopSAG_16, PopSAG_21, PopSAG_23, PopSAG_24, PopSAG_5
    Europe: Pop025_24, PopDLG_10, PopDLG_11, PopDLG_12, PopDLG_13, PopDLG_14, PopDLG_16, PopDLG_17, PopDLG_7, PopDLG_8, PopDLG_9, PopDQG_1, 
            PopDQG_10, PopDQG_11, PopDQG_13, PopDQG_14, PopDQG_2, PopDQG_3, PopDQG_4, PopDQG_6, PopIG_10, PopIG_12, PopIG_14, PopIG_2, 
            PopIG_3, PopIG_4, PopIG_5, PopIG_6, PopLAJ_13, PopLAJ_17, PopLAJ_19, PopLAJ_20, PopLAJ_21, PopLAJ_23, PopLAJ_25, PopLAJ_26, 
            PopLAJ_5, PopLON_11, PopLON_15, PopLON_17, PopLON_23, PopLON_28, PopLON_36, PopLON_4, PopLON_9, PopSW_18, PopSW_2, PopSW_22, 
            PopSW_29, PopSW_3, PopSW_31, PopSW_34, PopSW_36, PopSW_45, PopZAC_1, PopZAC_20, PopZAC_21, PopZAC_23, PopZAC_24, PopZAC_25, 
            PopZAC_26, PopZAC_28, PopZAC_7
    BCmer: PopHAR_1, PopHAR_13, PopHAR_21, PopHAR_8, PopPHE_1, PopPHE_3
    BCtet: PopGEN_1, PopGEN_10, PopGEN_2, PopGEN_3, PopGEN_4, PopGEN_5, PopGEN_6, PopGEN_7, PopGEN_8, PopGEN_9
Working on 1 group(s) of populations:
    defaultgrp: Russia, Alaska, Europe, BCmer, BCtet

Per-population SNP allele counts will be written to './TreeMix_mer/Cassiope_r30i.noN.p.treemix'
Raw haplotypes will be written to './TreeMix_mer/Cassiope_r30i.noN.p.haplotypes.tsv'
Population-level summary statistics will be written to './TreeMix_mer/Cassiope_r30i.noN.p.sumstats.tsv'
Population-level haplotype summary statistics will be written to './TreeMix_mer/Cassiope_r30i.noN.p.hapstats.tsv'

Processing data in batches:
  * load a batch of catalog loci and apply filters
  * compute SNP- and haplotype-wise per-population statistics
  * write the above statistics in the output files
  * export the genotypes/haplotypes in specified format(s)
More details in './TreeMix_mer/Cassiope_r30i.noN.p.log.distribs'.

Now processing...
dDocent_Contig_1 
dDocent_Contig_7 
dDocent_Contig_13 
dDocent_Contig_21 
dDocent_Contig_24 
dDocent_Contig_35 
dDocent_Contig_39 
dDocent_Contig_45 
dDocent_Contig_54 
dDocent_Contig_86 
dDocent_Contig_99 
dDocent_Contig_106 
dDocent_Contig_124 
dDocent_Contig_135 
dDocent_Contig_144 
dDocent_Contig_165 
dDocent_Contig_177 
dDocent_Contig_190 
dDocent_Contig_195 
dDocent_Contig_205 
dDocent_Contig_208 
dDocent_Contig_219 
dDocent_Contig_227 
dDocent_Contig_238 
dDocent_Contig_241 
dDocent_Contig_244 
dDocent_Contig_249 
dDocent_Contig_252 
dDocent_Contig_255 
dDocent_Contig_259 
dDocent_Contig_265 
dDocent_Contig_268 
dDocent_Contig_289 
dDocent_Contig_294 
dDocent_Contig_300 
dDocent_Contig_307 
dDocent_Contig_311 
dDocent_Contig_315 
dDocent_Contig_320 
dDocent_Contig_331 
dDocent_Contig_335 
dDocent_Contig_341 
dDocent_Contig_348 
dDocent_Contig_370 
dDocent_Contig_379 
dDocent_Contig_384 
dDocent_Contig_392 
dDocent_Contig_395 
dDocent_Contig_405 
dDocent_Contig_410 
dDocent_Contig_419 
dDocent_Contig_428 
dDocent_Contig_437 
dDocent_Contig_441 
dDocent_Contig_451 
dDocent_Contig_458 
dDocent_Contig_467 
dDocent_Contig_472 
dDocent_Contig_491 
dDocent_Contig_494 
dDocent_Contig_502 
dDocent_Contig_514 
dDocent_Contig_517 
dDocent_Contig_532 
dDocent_Contig_535 
dDocent_Contig_539 
dDocent_Contig_552 
dDocent_Contig_557 
dDocent_Contig_568 
dDocent_Contig_570 
dDocent_Contig_590 
dDocent_Contig_594 
dDocent_Contig_610 
dDocent_Contig_622 
dDocent_Contig_641 
dDocent_Contig_664 
dDocent_Contig_669 
dDocent_Contig_697 
dDocent_Contig_704 
dDocent_Contig_712 
dDocent_Contig_718 
dDocent_Contig_725 
dDocent_Contig_739 
dDocent_Contig_758 
dDocent_Contig_778 
dDocent_Contig_780 
dDocent_Contig_790 
dDocent_Contig_797 
dDocent_Contig_801 
dDocent_Contig_820 
dDocent_Contig_832 
dDocent_Contig_842 
dDocent_Contig_847 
dDocent_Contig_858 
dDocent_Contig_869 
dDocent_Contig_878 
dDocent_Contig_881 
dDocent_Contig_883 
dDocent_Contig_896 
dDocent_Contig_901 
dDocent_Contig_905 
dDocent_Contig_920 
dDocent_Contig_930 
dDocent_Contig_939 
dDocent_Contig_941 
dDocent_Contig_949 
dDocent_Contig_957 
dDocent_Contig_981 
dDocent_Contig_988 
dDocent_Contig_1002 
dDocent_Contig_1005 
dDocent_Contig_1011 
dDocent_Contig_1018 
dDocent_Contig_1027 
dDocent_Contig_1038 
dDocent_Contig_1041 
dDocent_Contig_1047 
dDocent_Contig_1049 
dDocent_Contig_1053 
dDocent_Contig_1074 
dDocent_Contig_1081 
dDocent_Contig_1086 
dDocent_Contig_1089 
dDocent_Contig_1094 
dDocent_Contig_1102 
dDocent_Contig_1120 
dDocent_Contig_1122 
dDocent_Contig_1129 
dDocent_Contig_1135 
dDocent_Contig_1161 
dDocent_Contig_1171 
dDocent_Contig_1182 
dDocent_Contig_1201 
dDocent_Contig_1205 
dDocent_Contig_1211 
dDocent_Contig_1214 
dDocent_Contig_1218 
dDocent_Contig_1225 
dDocent_Contig_1233 
dDocent_Contig_1240 
dDocent_Contig_1252 
dDocent_Contig_1258 
dDocent_Contig_1269 
dDocent_Contig_1282 
dDocent_Contig_1285 
dDocent_Contig_1300 
dDocent_Contig_1317 
dDocent_Contig_1328 
dDocent_Contig_1330 
dDocent_Contig_1336 
dDocent_Contig_1342 
dDocent_Contig_1346 
dDocent_Contig_1354 
dDocent_Contig_1366 
dDocent_Contig_1369 
dDocent_Contig_1377 
dDocent_Contig_1385 
dDocent_Contig_1399 
dDocent_Contig_1410 
dDocent_Contig_1429 
dDocent_Contig_1438 
dDocent_Contig_1444 
dDocent_Contig_1450 
dDocent_Contig_1453 
dDocent_Contig_1461 
dDocent_Contig_1465 
dDocent_Contig_1469 
dDocent_Contig_1471 
dDocent_Contig_1475 
dDocent_Contig_1484 
dDocent_Contig_1488 
dDocent_Contig_1495 
dDocent_Contig_1499 
dDocent_Contig_1507 
dDocent_Contig_1512 
dDocent_Contig_1518 
dDocent_Contig_1523 
dDocent_Contig_1539 
dDocent_Contig_1541 
dDocent_Contig_1550 
dDocent_Contig_1558 
dDocent_Contig_1569 
dDocent_Contig_1577 
dDocent_Contig_1587 
dDocent_Contig_1591 
dDocent_Contig_1598 
dDocent_Contig_1601 
dDocent_Contig_1604 
dDocent_Contig_1611 
dDocent_Contig_1617 
dDocent_Contig_1624 
dDocent_Contig_1629 
dDocent_Contig_1636 
dDocent_Contig_1641 
dDocent_Contig_1648 
dDocent_Contig_1665 
dDocent_Contig_1696 
dDocent_Contig_1711 
dDocent_Contig_1724 
dDocent_Contig_1732 
dDocent_Contig_1736 
dDocent_Contig_1738 
dDocent_Contig_1758 
dDocent_Contig_1765 
dDocent_Contig_1767 
dDocent_Contig_1776 
dDocent_Contig_1783 
dDocent_Contig_1791 
dDocent_Contig_1802 
dDocent_Contig_1806 
dDocent_Contig_1816 
dDocent_Contig_1827 
dDocent_Contig_1837 
dDocent_Contig_1843 
dDocent_Contig_1855 
dDocent_Contig_1859 
dDocent_Contig_1863 
dDocent_Contig_1865 
dDocent_Contig_1870 
dDocent_Contig_1876 
dDocent_Contig_1884 
dDocent_Contig_1886 
dDocent_Contig_1889 
dDocent_Contig_1910 
dDocent_Contig_1929 
dDocent_Contig_1936 
dDocent_Contig_1955 
dDocent_Contig_1971 
dDocent_Contig_1982 
dDocent_Contig_1987 
dDocent_Contig_1995 
dDocent_Contig_2006 
dDocent_Contig_2025 
dDocent_Contig_2033 
dDocent_Contig_2038 
dDocent_Contig_2042 
dDocent_Contig_2052 
dDocent_Contig_2056 
dDocent_Contig_2059 
dDocent_Contig_2063 
dDocent_Contig_2066 
dDocent_Contig_2069 
dDocent_Contig_2075 
dDocent_Contig_2092 
dDocent_Contig_2095 
dDocent_Contig_2100 
dDocent_Contig_2102 
dDocent_Contig_2104 
dDocent_Contig_2127 
dDocent_Contig_2134 
dDocent_Contig_2141 
dDocent_Contig_2145 
dDocent_Contig_2151 
dDocent_Contig_2162 
dDocent_Contig_2173 
dDocent_Contig_2180 
dDocent_Contig_2192 
dDocent_Contig_2201 
dDocent_Contig_2209 
dDocent_Contig_2226 
dDocent_Contig_2229 
dDocent_Contig_2235 
dDocent_Contig_2247 
dDocent_Contig_2264 
dDocent_Contig_2282 
dDocent_Contig_2294 
dDocent_Contig_2308 
dDocent_Contig_2311 
dDocent_Contig_2315 
dDocent_Contig_2319 
dDocent_Contig_2330 
dDocent_Contig_2336 
dDocent_Contig_2349 
dDocent_Contig_2369 
dDocent_Contig_2372 
dDocent_Contig_2379 
dDocent_Contig_2388 
dDocent_Contig_2397 
dDocent_Contig_2402 
dDocent_Contig_2409 
dDocent_Contig_2420 
dDocent_Contig_2426 
dDocent_Contig_2432 
dDocent_Contig_2439 
dDocent_Contig_2450 
dDocent_Contig_2453 
dDocent_Contig_2466 
dDocent_Contig_2489 
dDocent_Contig_2494 
dDocent_Contig_2507 
dDocent_Contig_2509 
dDocent_Contig_2513 
dDocent_Contig_2525 
dDocent_Contig_2536 
dDocent_Contig_2541 
dDocent_Contig_2546 
dDocent_Contig_2558 
dDocent_Contig_2570 
dDocent_Contig_2588 
dDocent_Contig_2592 
dDocent_Contig_2596 
dDocent_Contig_2608 
dDocent_Contig_2615 
dDocent_Contig_2626 
dDocent_Contig_2632 
dDocent_Contig_2642 
dDocent_Contig_2661 
dDocent_Contig_2665 
dDocent_Contig_2669 
dDocent_Contig_2672 
dDocent_Contig_2674 
dDocent_Contig_2679 
dDocent_Contig_2683 
dDocent_Contig_2686 
dDocent_Contig_2693 
dDocent_Contig_2695 
dDocent_Contig_2701 
dDocent_Contig_2705 
dDocent_Contig_2720 
dDocent_Contig_2733 
dDocent_Contig_2739 
dDocent_Contig_2744 
dDocent_Contig_2747 
dDocent_Contig_2759 
dDocent_Contig_2771 
dDocent_Contig_2780 
dDocent_Contig_2784 
dDocent_Contig_2796 
dDocent_Contig_2799 
dDocent_Contig_2801 
dDocent_Contig_2809 
dDocent_Contig_2817 
dDocent_Contig_2835 
dDocent_Contig_2840 
dDocent_Contig_2845 
dDocent_Contig_2849 
dDocent_Contig_2862 
dDocent_Contig_2866 
dDocent_Contig_2878 
dDocent_Contig_2892 
dDocent_Contig_2906 
dDocent_Contig_2923 
dDocent_Contig_2936 
dDocent_Contig_2943 
dDocent_Contig_2954 
dDocent_Contig_2962 
dDocent_Contig_2964 
dDocent_Contig_2970 
dDocent_Contig_2974 
dDocent_Contig_2983 
dDocent_Contig_2999 
dDocent_Contig_3004 
dDocent_Contig_3011 
dDocent_Contig_3019 
dDocent_Contig_3031 
dDocent_Contig_3036 
dDocent_Contig_3040 
dDocent_Contig_3045 
dDocent_Contig_3048 
dDocent_Contig_3058 
dDocent_Contig_3062 
dDocent_Contig_3075 
dDocent_Contig_3088 
dDocent_Contig_3100 
dDocent_Contig_3109 
dDocent_Contig_3123 
dDocent_Contig_3146 
dDocent_Contig_3150 
dDocent_Contig_3156 
dDocent_Contig_3171 
dDocent_Contig_3178 
dDocent_Contig_3203 
dDocent_Contig_3215 
dDocent_Contig_3221 
dDocent_Contig_3228 
dDocent_Contig_3230 
dDocent_Contig_3251 
dDocent_Contig_3257 
dDocent_Contig_3260 
dDocent_Contig_3273 
dDocent_Contig_3281 
dDocent_Contig_3285 
dDocent_Contig_3289 
dDocent_Contig_3316 
dDocent_Contig_3321 
dDocent_Contig_3337 
dDocent_Contig_3340 
dDocent_Contig_3348 
dDocent_Contig_3352 
dDocent_Contig_3360 
dDocent_Contig_3384 
dDocent_Contig_3387 
dDocent_Contig_3400 
dDocent_Contig_3432 
dDocent_Contig_3439 
dDocent_Contig_3444 
dDocent_Contig_3448 
dDocent_Contig_3467 
dDocent_Contig_3491 
dDocent_Contig_3497 
dDocent_Contig_3500 
dDocent_Contig_3505 
dDocent_Contig_3511 
dDocent_Contig_3526 
dDocent_Contig_3530 
dDocent_Contig_3542 
dDocent_Contig_3549 
dDocent_Contig_3554 
dDocent_Contig_3561 
dDocent_Contig_3566 
dDocent_Contig_3573 
dDocent_Contig_3578 
dDocent_Contig_3580 
dDocent_Contig_3590 
dDocent_Contig_3598 
dDocent_Contig_3603 
dDocent_Contig_3612 
dDocent_Contig_3615 
dDocent_Contig_3619 
dDocent_Contig_3634 
dDocent_Contig_3649 
dDocent_Contig_3651 
dDocent_Contig_3653 
dDocent_Contig_3659 
dDocent_Contig_3662 
dDocent_Contig_3671 
dDocent_Contig_3674 
dDocent_Contig_3680 
dDocent_Contig_3688 
dDocent_Contig_3698 
dDocent_Contig_3701 
dDocent_Contig_3717 
dDocent_Contig_3723 
dDocent_Contig_3730 
dDocent_Contig_3733 
dDocent_Contig_3736 
dDocent_Contig_3750 
dDocent_Contig_3759 
dDocent_Contig_3774 
dDocent_Contig_3781 
dDocent_Contig_3796 
dDocent_Contig_3813 
dDocent_Contig_3819 
dDocent_Contig_3821 
dDocent_Contig_3827 
dDocent_Contig_3837 
dDocent_Contig_3853 
dDocent_Contig_3857 
dDocent_Contig_3870 
dDocent_Contig_3880 
dDocent_Contig_3883 
dDocent_Contig_3889 
dDocent_Contig_3894 
dDocent_Contig_3898 
dDocent_Contig_3902 
dDocent_Contig_3907 
dDocent_Contig_3912 
dDocent_Contig_3917 
dDocent_Contig_3919 
dDocent_Contig_3925 
dDocent_Contig_3929 
dDocent_Contig_3939 
dDocent_Contig_3942 
dDocent_Contig_3965 
dDocent_Contig_3971 
dDocent_Contig_3980 
dDocent_Contig_3983 
dDocent_Contig_3989 
dDocent_Contig_3997 
dDocent_Contig_4001 
dDocent_Contig_4005 
dDocent_Contig_4007 
dDocent_Contig_4024 
dDocent_Contig_4026 
dDocent_Contig_4040 
dDocent_Contig_4042 
dDocent_Contig_4047 
dDocent_Contig_4056 
dDocent_Contig_4058 
dDocent_Contig_4060 
dDocent_Contig_4074 
dDocent_Contig_4076 
dDocent_Contig_4079 
dDocent_Contig_4085 
dDocent_Contig_4099 
dDocent_Contig_4106 
dDocent_Contig_4111 
dDocent_Contig_4119 
dDocent_Contig_4123 
dDocent_Contig_4131 
dDocent_Contig_4135 
dDocent_Contig_4147 
dDocent_Contig_4157 
dDocent_Contig_4159 
dDocent_Contig_4163 
dDocent_Contig_4178 
dDocent_Contig_4192 
dDocent_Contig_4205 
dDocent_Contig_4224 
dDocent_Contig_4232 
dDocent_Contig_4237 
dDocent_Contig_4246 
dDocent_Contig_4258 
dDocent_Contig_4276 
dDocent_Contig_4282 
dDocent_Contig_4288 
dDocent_Contig_4303 
dDocent_Contig_4311 
dDocent_Contig_4324 
dDocent_Contig_4329 
dDocent_Contig_4334 
dDocent_Contig_4343 
dDocent_Contig_4353 
dDocent_Contig_4356 
dDocent_Contig_4361 
dDocent_Contig_4366 
dDocent_Contig_4381 
dDocent_Contig_4389 
dDocent_Contig_4392 
dDocent_Contig_4397 
dDocent_Contig_4405 
dDocent_Contig_4414 
dDocent_Contig_4421 
dDocent_Contig_4433 
dDocent_Contig_4437 
dDocent_Contig_4450 
dDocent_Contig_4456 
dDocent_Contig_4479 
dDocent_Contig_4485 
dDocent_Contig_4495 
dDocent_Contig_4505 
dDocent_Contig_4509 
dDocent_Contig_4514 
dDocent_Contig_4520 
dDocent_Contig_4524 
dDocent_Contig_4529 
dDocent_Contig_4533 
dDocent_Contig_4539 
dDocent_Contig_4545 
dDocent_Contig_4560 
dDocent_Contig_4562 
dDocent_Contig_4572 
dDocent_Contig_4577 
dDocent_Contig_4580 
dDocent_Contig_4583 
dDocent_Contig_4592 
dDocent_Contig_4596 
dDocent_Contig_4601 
dDocent_Contig_4606 
dDocent_Contig_4610 
dDocent_Contig_4621 
dDocent_Contig_4625 
dDocent_Contig_4631 
dDocent_Contig_4652 
dDocent_Contig_4663 
dDocent_Contig_4672 
dDocent_Contig_4675 
dDocent_Contig_4682 
dDocent_Contig_4684 
dDocent_Contig_4695 
dDocent_Contig_4701 
dDocent_Contig_4727 
dDocent_Contig_4730 
dDocent_Contig_4739 
dDocent_Contig_4748 
dDocent_Contig_4759 
dDocent_Contig_4761 
dDocent_Contig_4764 
dDocent_Contig_4769 
dDocent_Contig_4782 
dDocent_Contig_4796 
dDocent_Contig_4814 
dDocent_Contig_4821 
dDocent_Contig_4833 
dDocent_Contig_4841 
dDocent_Contig_4847 
dDocent_Contig_4853 
dDocent_Contig_4862 
dDocent_Contig_4871 
dDocent_Contig_4883 
dDocent_Contig_4892 
dDocent_Contig_4902 
dDocent_Contig_4910 
dDocent_Contig_4924 
dDocent_Contig_4940 
dDocent_Contig_4952 
dDocent_Contig_4960 
dDocent_Contig_4968 
dDocent_Contig_4980 
dDocent_Contig_4985 
dDocent_Contig_4988 
dDocent_Contig_4997 
dDocent_Contig_5004 
dDocent_Contig_5007 
dDocent_Contig_5015 
dDocent_Contig_5022 
dDocent_Contig_5031 
dDocent_Contig_5041 
dDocent_Contig_5049 
dDocent_Contig_5052 
dDocent_Contig_5058 
dDocent_Contig_5067 
dDocent_Contig_5075 
dDocent_Contig_5083 
dDocent_Contig_5087 
dDocent_Contig_5102 
dDocent_Contig_5111 
dDocent_Contig_5123 
dDocent_Contig_5129 
dDocent_Contig_5133 
dDocent_Contig_5142 
dDocent_Contig_5145 
dDocent_Contig_5157 
dDocent_Contig_5160 
dDocent_Contig_5166 
dDocent_Contig_5174 
dDocent_Contig_5179 
dDocent_Contig_5185 
dDocent_Contig_5188 
dDocent_Contig_5213 
dDocent_Contig_5217 
dDocent_Contig_5223 
dDocent_Contig_5230 
dDocent_Contig_5234 
dDocent_Contig_5245 
dDocent_Contig_5252 
dDocent_Contig_5254 
dDocent_Contig_5261 
dDocent_Contig_5275 
dDocent_Contig_5293 
dDocent_Contig_5295 
dDocent_Contig_5309 
dDocent_Contig_5312 
dDocent_Contig_5319 
dDocent_Contig_5322 
dDocent_Contig_5329 
dDocent_Contig_5332 
dDocent_Contig_5334 
dDocent_Contig_5338 
dDocent_Contig_5347 
dDocent_Contig_5349 
dDocent_Contig_5351 
dDocent_Contig_5364 
dDocent_Contig_5368 
dDocent_Contig_5375 
dDocent_Contig_5385 
dDocent_Contig_5393 
dDocent_Contig_5401 
dDocent_Contig_5416 
dDocent_Contig_5428 
dDocent_Contig_5432 
dDocent_Contig_5438 
dDocent_Contig_5448 
dDocent_Contig_5450 
dDocent_Contig_5453 
dDocent_Contig_5458 
dDocent_Contig_5460 
dDocent_Contig_5465 
dDocent_Contig_5472 
dDocent_Contig_5475 
dDocent_Contig_5494 
dDocent_Contig_5499 
dDocent_Contig_5509 
dDocent_Contig_5547 
dDocent_Contig_5554 
dDocent_Contig_5564 
dDocent_Contig_5568 
dDocent_Contig_5615 
dDocent_Contig_5617 
dDocent_Contig_5636 
dDocent_Contig_5655 
dDocent_Contig_5666 
dDocent_Contig_5686 
dDocent_Contig_5690 
dDocent_Contig_5694 
dDocent_Contig_5710 
dDocent_Contig_5744 
dDocent_Contig_5756 
dDocent_Contig_5772 
dDocent_Contig_5775 
dDocent_Contig_5786 
dDocent_Contig_5794 
dDocent_Contig_5819 
dDocent_Contig_5833 
dDocent_Contig_5861 
dDocent_Contig_5896 
dDocent_Contig_5913 
dDocent_Contig_5943 
dDocent_Contig_5972 
dDocent_Contig_5982 
dDocent_Contig_5998 
dDocent_Contig_6005 
dDocent_Contig_6017 
dDocent_Contig_6037 
dDocent_Contig_6049 
dDocent_Contig_6080 
dDocent_Contig_6085 
dDocent_Contig_6098 
dDocent_Contig_6107 
dDocent_Contig_6119 
dDocent_Contig_6123 
dDocent_Contig_6130 
dDocent_Contig_6141 
dDocent_Contig_6153 
dDocent_Contig_6173 
dDocent_Contig_6184 
dDocent_Contig_6197 
dDocent_Contig_6202 
dDocent_Contig_6232 
dDocent_Contig_6239 
dDocent_Contig_6248 
dDocent_Contig_6262 
dDocent_Contig_6284 
dDocent_Contig_6306 
dDocent_Contig_6329 
dDocent_Contig_6356 
dDocent_Contig_6363 
dDocent_Contig_6368 
dDocent_Contig_6421 
dDocent_Contig_6442 
dDocent_Contig_6450 
dDocent_Contig_6459 
dDocent_Contig_6467 
dDocent_Contig_6484 
dDocent_Contig_6489 
dDocent_Contig_6508 
dDocent_Contig_6531 
dDocent_Contig_6549 
dDocent_Contig_6560 
dDocent_Contig_6581 
dDocent_Contig_6585 
dDocent_Contig_6597 
dDocent_Contig_6617 
dDocent_Contig_6627 
dDocent_Contig_6634 
dDocent_Contig_6644 
dDocent_Contig_6650 
dDocent_Contig_6653 
dDocent_Contig_6659 
dDocent_Contig_6668 
dDocent_Contig_6685 
dDocent_Contig_6701 
dDocent_Contig_6715 
dDocent_Contig_6731 
dDocent_Contig_6749 
dDocent_Contig_6782 
dDocent_Contig_6795 
dDocent_Contig_6797 
dDocent_Contig_6833 
dDocent_Contig_6842 
dDocent_Contig_6855 
dDocent_Contig_6860 
dDocent_Contig_6882 
dDocent_Contig_6898 
dDocent_Contig_6905 
dDocent_Contig_6918 
dDocent_Contig_6920 
dDocent_Contig_6929 
dDocent_Contig_6936 
dDocent_Contig_6955 
dDocent_Contig_6962 
dDocent_Contig_6966 
dDocent_Contig_6969 
dDocent_Contig_6982 
dDocent_Contig_6986 
dDocent_Contig_7003 
dDocent_Contig_7008 
dDocent_Contig_7013 
dDocent_Contig_7019 
dDocent_Contig_7024 
dDocent_Contig_7036 
dDocent_Contig_7059 
dDocent_Contig_7094 
dDocent_Contig_7100 
dDocent_Contig_7118 
dDocent_Contig_7128 
dDocent_Contig_7143 
dDocent_Contig_7156 
dDocent_Contig_7165 
dDocent_Contig_7172 
dDocent_Contig_7176 
dDocent_Contig_7186 
dDocent_Contig_7196 
dDocent_Contig_7231 
dDocent_Contig_7248 
dDocent_Contig_7256 
dDocent_Contig_7268 
dDocent_Contig_7275 
dDocent_Contig_7287 
dDocent_Contig_7296 
dDocent_Contig_7312 
dDocent_Contig_7337 
dDocent_Contig_7346 
dDocent_Contig_7357 
dDocent_Contig_7374 
dDocent_Contig_7389 
dDocent_Contig_7400 
dDocent_Contig_7429 
dDocent_Contig_7441 
dDocent_Contig_7461 
dDocent_Contig_7467 
dDocent_Contig_7483 
dDocent_Contig_7499 
dDocent_Contig_7512 
dDocent_Contig_7521 
dDocent_Contig_7524 
dDocent_Contig_7528 
dDocent_Contig_7537 
dDocent_Contig_7547 
dDocent_Contig_7559 
dDocent_Contig_7570 
dDocent_Contig_7574 
dDocent_Contig_7587 
dDocent_Contig_7627 
dDocent_Contig_7629 
dDocent_Contig_7638 
dDocent_Contig_7652 
dDocent_Contig_7661 
dDocent_Contig_7673 
dDocent_Contig_7684 
dDocent_Contig_7694 
dDocent_Contig_7698 
dDocent_Contig_7703 
dDocent_Contig_7710 
dDocent_Contig_7714 
dDocent_Contig_7739 
dDocent_Contig_7741 
dDocent_Contig_7768 
dDocent_Contig_7773 
dDocent_Contig_7788 
dDocent_Contig_7813 
dDocent_Contig_7822 
dDocent_Contig_7829 
dDocent_Contig_7835 
dDocent_Contig_7846 
dDocent_Contig_7859 
dDocent_Contig_7866 
dDocent_Contig_7868 
dDocent_Contig_7882 
dDocent_Contig_7901 
dDocent_Contig_7915 
dDocent_Contig_7921 
dDocent_Contig_7931 
dDocent_Contig_7946 
dDocent_Contig_7959 
dDocent_Contig_7970 
dDocent_Contig_7980 
dDocent_Contig_7993 
dDocent_Contig_8005 
dDocent_Contig_8017 
dDocent_Contig_8032 
dDocent_Contig_8047 
dDocent_Contig_8059 
dDocent_Contig_8082 
dDocent_Contig_8097 
dDocent_Contig_8111 
dDocent_Contig_8134 
dDocent_Contig_8161 
dDocent_Contig_8170 
dDocent_Contig_8186 
dDocent_Contig_8191 
dDocent_Contig_8195 
dDocent_Contig_8225 
dDocent_Contig_8234 
dDocent_Contig_8250 
dDocent_Contig_8277 
dDocent_Contig_8285 
dDocent_Contig_8319 
dDocent_Contig_8346 
dDocent_Contig_8408 
dDocent_Contig_8443 
dDocent_Contig_8454 
dDocent_Contig_8477 
dDocent_Contig_8497 
dDocent_Contig_8507 
dDocent_Contig_8529 
dDocent_Contig_8540 
dDocent_Contig_8567 
dDocent_Contig_8581 
dDocent_Contig_8617 
dDocent_Contig_8665 
dDocent_Contig_8682 
dDocent_Contig_8692 
dDocent_Contig_8696 
dDocent_Contig_8705 
dDocent_Contig_8726 
dDocent_Contig_8734 
dDocent_Contig_8746 
dDocent_Contig_8770 
dDocent_Contig_8794 
dDocent_Contig_8809 
dDocent_Contig_8831 
dDocent_Contig_8841 
dDocent_Contig_8877 
dDocent_Contig_8884 
dDocent_Contig_8908 
dDocent_Contig_8934 
dDocent_Contig_8939 
dDocent_Contig_8948 
dDocent_Contig_8960 
dDocent_Contig_8973 
dDocent_Contig_8990 
dDocent_Contig_8995 
dDocent_Contig_9005 
dDocent_Contig_9037 
dDocent_Contig_9064 
dDocent_Contig_9086 
dDocent_Contig_9098 
dDocent_Contig_9115 
dDocent_Contig_9123 
dDocent_Contig_9140 
dDocent_Contig_9159 
dDocent_Contig_9163 
dDocent_Contig_9199 
dDocent_Contig_9204 
dDocent_Contig_9231 
dDocent_Contig_9239 
dDocent_Contig_9268 
dDocent_Contig_9279 
dDocent_Contig_9291 
dDocent_Contig_9306 
dDocent_Contig_9320 
dDocent_Contig_9333 
dDocent_Contig_9347 
dDocent_Contig_9354 
dDocent_Contig_9368 
dDocent_Contig_9375 
dDocent_Contig_9406 
dDocent_Contig_9409 
dDocent_Contig_9414 
dDocent_Contig_9421 
dDocent_Contig_9471 
dDocent_Contig_9505 
dDocent_Contig_9522 
dDocent_Contig_9525 
dDocent_Contig_9578 
dDocent_Contig_9589 
dDocent_Contig_9607 
dDocent_Contig_9632 
dDocent_Contig_9641 
dDocent_Contig_9677 
dDocent_Contig_9709 
dDocent_Contig_9716 
dDocent_Contig_9730 
dDocent_Contig_9734 
dDocent_Contig_9739 
dDocent_Contig_9760 
dDocent_Contig_9763 
dDocent_Contig_9776 
dDocent_Contig_9783 
dDocent_Contig_9791 
dDocent_Contig_9819 
dDocent_Contig_9833 
dDocent_Contig_9849 
dDocent_Contig_9898 
dDocent_Contig_9956 
dDocent_Contig_9984 
dDocent_Contig_9989 
dDocent_Contig_9997 
dDocent_Contig_10005 
dDocent_Contig_10010 
dDocent_Contig_10027 
dDocent_Contig_10053 
dDocent_Contig_10080 
dDocent_Contig_10088 
dDocent_Contig_10118 
dDocent_Contig_10131 
dDocent_Contig_10146 
dDocent_Contig_10180 
dDocent_Contig_10188 
dDocent_Contig_10219 
dDocent_Contig_10272 
dDocent_Contig_10318 
dDocent_Contig_10333 
dDocent_Contig_10341 
dDocent_Contig_10378 
dDocent_Contig_10446 
dDocent_Contig_10467 
dDocent_Contig_10472 
dDocent_Contig_10490 
dDocent_Contig_10510 
dDocent_Contig_10529 
dDocent_Contig_10546 
dDocent_Contig_10565 
dDocent_Contig_10569 
dDocent_Contig_10587 
dDocent_Contig_10607 
dDocent_Contig_10630 
dDocent_Contig_10662 
dDocent_Contig_10696 
dDocent_Contig_10726 
dDocent_Contig_10735 
dDocent_Contig_10738 
dDocent_Contig_10774 
dDocent_Contig_10783 
dDocent_Contig_10810 
dDocent_Contig_10841 
dDocent_Contig_10881 
dDocent_Contig_10923 
dDocent_Contig_10948 
dDocent_Contig_11029 
dDocent_Contig_11078 
dDocent_Contig_11104 
dDocent_Contig_11116 
dDocent_Contig_11136 
dDocent_Contig_11208 
dDocent_Contig_11216 
dDocent_Contig_11234 
dDocent_Contig_11251 
dDocent_Contig_11257 
dDocent_Contig_11260 
dDocent_Contig_11283 
dDocent_Contig_11285 
dDocent_Contig_11296 
dDocent_Contig_11330 
dDocent_Contig_11352 
dDocent_Contig_11372 
dDocent_Contig_11412 
dDocent_Contig_11420 
dDocent_Contig_11434 
dDocent_Contig_11454 
dDocent_Contig_11496 
dDocent_Contig_11527 
dDocent_Contig_11571 
dDocent_Contig_11608 
dDocent_Contig_11647 
dDocent_Contig_11658 
dDocent_Contig_11660 
dDocent_Contig_11675 
dDocent_Contig_11681 
dDocent_Contig_11694 
dDocent_Contig_11708 
dDocent_Contig_11729 
dDocent_Contig_11788 
dDocent_Contig_11791 
dDocent_Contig_11806 
dDocent_Contig_11827 
dDocent_Contig_11843 
dDocent_Contig_11870 
dDocent_Contig_11895 
dDocent_Contig_11912 
dDocent_Contig_11950 
dDocent_Contig_11975 
dDocent_Contig_11993 
dDocent_Contig_12041 
dDocent_Contig_12053 
dDocent_Contig_12077 
dDocent_Contig_12107 
dDocent_Contig_12122 
dDocent_Contig_12147 
dDocent_Contig_12169 
dDocent_Contig_12204 
dDocent_Contig_12247 
dDocent_Contig_12260 
dDocent_Contig_12328 
dDocent_Contig_12352 
dDocent_Contig_12366 
dDocent_Contig_12392 
dDocent_Contig_12442 
dDocent_Contig_12509 
dDocent_Contig_12595 
dDocent_Contig_12608 
dDocent_Contig_12624 
dDocent_Contig_12640 
dDocent_Contig_12686 
dDocent_Contig_12693 
dDocent_Contig_12716 
dDocent_Contig_12790 
dDocent_Contig_12817 
dDocent_Contig_12833 
dDocent_Contig_12839 
dDocent_Contig_12888 
dDocent_Contig_12911 
dDocent_Contig_12918 
dDocent_Contig_12923 
dDocent_Contig_13014 
dDocent_Contig_13037 
dDocent_Contig_13116 
dDocent_Contig_13134 
dDocent_Contig_13157 
dDocent_Contig_13174 
dDocent_Contig_13191 
dDocent_Contig_13199 
dDocent_Contig_13238 
dDocent_Contig_13245 
dDocent_Contig_13260 
dDocent_Contig_13323 
dDocent_Contig_13378 
dDocent_Contig_13461 
dDocent_Contig_13538 
dDocent_Contig_13675 
dDocent_Contig_13689 
dDocent_Contig_13712 
dDocent_Contig_13737 
dDocent_Contig_13796 
dDocent_Contig_13821 
dDocent_Contig_13864 
dDocent_Contig_13877 
dDocent_Contig_13955 
dDocent_Contig_14021 
dDocent_Contig_14084 
dDocent_Contig_14173 
dDocent_Contig_14216 
dDocent_Contig_14256 
dDocent_Contig_14287 
dDocent_Contig_14379 
dDocent_Contig_14462 
dDocent_Contig_14878 
dDocent_Contig_14936 
dDocent_Contig_14945 
dDocent_Contig_14961 
dDocent_Contig_15046 
dDocent_Contig_15092 
dDocent_Contig_15112 
dDocent_Contig_15130 
dDocent_Contig_15239 
dDocent_Contig_15304 
dDocent_Contig_15327 
dDocent_Contig_15437 
dDocent_Contig_15475 
dDocent_Contig_15492 
dDocent_Contig_15556 
dDocent_Contig_15607 
dDocent_Contig_15655 
dDocent_Contig_15676 
dDocent_Contig_15690 
dDocent_Contig_15778 
dDocent_Contig_15877 
dDocent_Contig_15893 
dDocent_Contig_16177 
dDocent_Contig_16233 
dDocent_Contig_16398 
dDocent_Contig_16472 
dDocent_Contig_16576 
dDocent_Contig_16904 
dDocent_Contig_17134 
dDocent_Contig_17554 
dDocent_Contig_17809 
dDocent_Contig_17929 
dDocent_Contig_18226 
dDocent_Contig_18293 
dDocent_Contig_18402 
dDocent_Contig_18538 
dDocent_Contig_18869 
dDocent_Contig_19122 
dDocent_Contig_19424 
dDocent_Contig_19733 
dDocent_Contig_20073 
dDocent_Contig_20210 
dDocent_Contig_20487 
dDocent_Contig_21297 
dDocent_Contig_21672 
dDocent_Contig_22278 
dDocent_Contig_22929 
dDocent_Contig_23732 
 
Found 2310 SNP records in file 'Cassiope_r30i.noN.vcf.gz'. (Skipped 0 already filtered-out SNPs and 0 non-SNP records ; more with --verbose.)

Removed 0 loci that did not pass sample/population constraints from 2310 loci.
Kept 2310 loci, composed of 2310 sites; 0 of those sites were filtered, 2280 variant sites remained.
    2295 genomic sites, of which 15 were covered by multiple loci (0.7%).
Mean genotyped sites per locus: 1.00bp (stderr 0.00).

Population summary statistics (more detail in populations.sumstats_summary.tsv):
  Russia: 16 samples per locus; pi: 0.063243; all/variant/polymorphic sites: 2310/2280/476; private alleles: 66
  Alaska: 32 samples per locus; pi: 0.074224; all/variant/polymorphic sites: 2310/2280/682; private alleles: 97
  Europe: 63 samples per locus; pi: 0.059296; all/variant/polymorphic sites: 2310/2280/587; private alleles: 38
  BCmer: 6 samples per locus; pi: 0.086669; all/variant/polymorphic sites: 2310/2280/517; private alleles: 1135
  BCtet: 10 samples per locus; pi: 0.024337; all/variant/polymorphic sites: 2310/2280/135; private alleles: 197
Populations is done.
