****                   ADMIXTURE Version 1.3.0                  ****
****                    Copyright 2008-2015                     ****
****           David Alexander, Suyash Shringarpure,            ****
****                John  Novembre, Ken Lange                   ****
****                                                            ****
****                 Please cite our paper!                     ****
****   Information at www.genetics.ucla.edu/software/admixture  ****

Cross-validation will be performed.  Folds=10.
Parallel execution requested.  Will use 48 threads.
Random seed: 1679801152
Point estimation method: Block relaxation algorithm
Convergence acceleration algorithm: QuasiNewton, 3 secant conditions
Point estimation will terminate when objective function delta < 1e-10
Estimation of standard errors disabled; will compute point estimates only.
Size of G: 330x9285
Performing five EM steps to prime main algorithm
1 (EM) 	Elapsed: 0.442	Loglikelihood: -1.79418e+06	(delta): 2.89877e+06
2 (EM) 	Elapsed: 0.434	Loglikelihood: -1.6976e+06	(delta): 96578.4
3 (EM) 	Elapsed: 0.43	Loglikelihood: -1.67467e+06	(delta): 22927.8
4 (EM) 	Elapsed: 0.436	Loglikelihood: -1.65819e+06	(delta): 16481.8
5 (EM) 	Elapsed: 0.429	Loglikelihood: -1.6429e+06	(delta): 15292
Initial loglikelihood: -1.6429e+06
Starting main algorithm
1 (QN/Block) 	Elapsed: 0.915	Loglikelihood: -1.47108e+06	(delta): 171818
2 (QN/Block) 	Elapsed: 0.918	Loglikelihood: -1.41504e+06	(delta): 56036.2
3 (QN/Block) 	Elapsed: 0.917	Loglikelihood: -1.39372e+06	(delta): 21319.6
4 (QN/Block) 	Elapsed: 0.926	Loglikelihood: -1.37373e+06	(delta): 19994.3
5 (QN/Block) 	Elapsed: 0.931	Loglikelihood: -1.35984e+06	(delta): 13887.4
6 (QN/Block) 	Elapsed: 0.931	Loglikelihood: -1.35174e+06	(delta): 8104.84
7 (QN/Block) 	Elapsed: 0.921	Loglikelihood: -1.34889e+06	(delta): 2848.21
8 (QN/Block) 	Elapsed: 0.921	Loglikelihood: -1.34843e+06	(delta): 456.118
9 (QN/Block) 	Elapsed: 0.935	Loglikelihood: -1.34833e+06	(delta): 98.4381
10 (QN/Block) 	Elapsed: 0.921	Loglikelihood: -1.34831e+06	(delta): 24.5404
11 (QN/Block) 	Elapsed: 0.929	Loglikelihood: -1.3483e+06	(delta): 8.85425
12 (QN/Block) 	Elapsed: 0.928	Loglikelihood: -1.3483e+06	(delta): 3.25076
13 (QN/Block) 	Elapsed: 0.919	Loglikelihood: -1.3483e+06	(delta): 0.227813
14 (QN/Block) 	Elapsed: 0.919	Loglikelihood: -1.3483e+06	(delta): 0.0144269
15 (QN/Block) 	Elapsed: 0.918	Loglikelihood: -1.3483e+06	(delta): 0.00739599
16 (QN/Block) 	Elapsed: 0.931	Loglikelihood: -1.3483e+06	(delta): 0.00552282
17 (QN/Block) 	Elapsed: 0.923	Loglikelihood: -1.3483e+06	(delta): 0.0004922
18 (QN/Block) 	Elapsed: 0.918	Loglikelihood: -1.3483e+06	(delta): 0.000290555
19 (QN/Block) 	Elapsed: 0.912	Loglikelihood: -1.3483e+06	(delta): 0.000118806
20 (QN/Block) 	Elapsed: 0.922	Loglikelihood: -1.3483e+06	(delta): 3.43379e-06
21 (QN/Block) 	Elapsed: 0.916	Loglikelihood: -1.3483e+06	(delta): 3.01749e-07
22 (QN/Block) 	Elapsed: 0.91	Loglikelihood: -1.3483e+06	(delta): 3.84171e-08
23 (QN/Block) 	Elapsed: 0.916	Loglikelihood: -1.3483e+06	(delta): 5.12227e-09
24 (QN/Block) 	Elapsed: 0.918	Loglikelihood: -1.3483e+06	(delta): 2.79397e-09
25 (QN/Block) 	Elapsed: 0.923	Loglikelihood: -1.3483e+06	(delta): 4.65661e-10
26 (QN/Block) 	Elapsed: 0.916	Loglikelihood: -1.3483e+06	(delta): 6.98492e-10
27 (QN/Block) 	Elapsed: 0.915	Loglikelihood: -1.3483e+06	(delta): -2.32831e-10
28 (QN/Block) 	Elapsed: 0.912	Loglikelihood: -1.3483e+06	(delta): 0
Summary: 
Converged in 28 iterations (28.049 sec)
Loglikelihood: -1348297.438265
Fst divergences between estimated populations: 
	Pop0	Pop1	Pop2	
Pop0	
Pop1	0.259	
Pop2	0.196	0.093	
Pop3	0.686	0.684	0.635	
CV error (K=4): 0.26979
Writing output files.
