****                   ADMIXTURE Version 1.3.0                  ****
****                    Copyright 2008-2015                     ****
****           David Alexander, Suyash Shringarpure,            ****
****                John  Novembre, Ken Lange                   ****
****                                                            ****
****                 Please cite our paper!                     ****
****   Information at www.genetics.ucla.edu/software/admixture  ****

Cross-validation will be performed.  Folds=10.
Parallel execution requested.  Will use 48 threads.
Random seed: 1679801214
Point estimation method: Block relaxation algorithm
Convergence acceleration algorithm: QuasiNewton, 3 secant conditions
Point estimation will terminate when objective function delta < 1e-10
Estimation of standard errors disabled; will compute point estimates only.
Size of G: 330x9285
Performing five EM steps to prime main algorithm
1 (EM) 	Elapsed: 0.403	Loglikelihood: -1.80604e+06	(delta): 2.82417e+06
2 (EM) 	Elapsed: 0.421	Loglikelihood: -1.70686e+06	(delta): 99182.5
3 (EM) 	Elapsed: 0.407	Loglikelihood: -1.68783e+06	(delta): 19029.5
4 (EM) 	Elapsed: 0.409	Loglikelihood: -1.67602e+06	(delta): 11814.6
5 (EM) 	Elapsed: 0.409	Loglikelihood: -1.66583e+06	(delta): 10188.9
Initial loglikelihood: -1.66583e+06
Starting main algorithm
1 (QN/Block) 	Elapsed: 1.128	Loglikelihood: -1.46562e+06	(delta): 200209
2 (QN/Block) 	Elapsed: 1.126	Loglikelihood: -1.40594e+06	(delta): 59675.2
3 (QN/Block) 	Elapsed: 1.137	Loglikelihood: -1.3746e+06	(delta): 31346.7
4 (QN/Block) 	Elapsed: 1.137	Loglikelihood: -1.34693e+06	(delta): 27661.3
5 (QN/Block) 	Elapsed: 1.134	Loglikelihood: -1.33178e+06	(delta): 15157.3
6 (QN/Block) 	Elapsed: 1.135	Loglikelihood: -1.32259e+06	(delta): 9191.61
7 (QN/Block) 	Elapsed: 1.131	Loglikelihood: -1.3201e+06	(delta): 2485.73
8 (QN/Block) 	Elapsed: 1.131	Loglikelihood: -1.3192e+06	(delta): 902.683
9 (QN/Block) 	Elapsed: 1.13	Loglikelihood: -1.31879e+06	(delta): 406.547
10 (QN/Block) 	Elapsed: 1.136	Loglikelihood: -1.31872e+06	(delta): 68.263
11 (QN/Block) 	Elapsed: 1.13	Loglikelihood: -1.31871e+06	(delta): 15.4958
12 (QN/Block) 	Elapsed: 1.134	Loglikelihood: -1.3187e+06	(delta): 3.51891
13 (QN/Block) 	Elapsed: 1.13	Loglikelihood: -1.3187e+06	(delta): 1.49333
14 (QN/Block) 	Elapsed: 1.13	Loglikelihood: -1.3187e+06	(delta): 1.11561
15 (QN/Block) 	Elapsed: 1.134	Loglikelihood: -1.3187e+06	(delta): 0.39146
16 (QN/Block) 	Elapsed: 1.134	Loglikelihood: -1.3187e+06	(delta): 0.0552953
17 (QN/Block) 	Elapsed: 1.131	Loglikelihood: -1.3187e+06	(delta): 0.00781053
18 (QN/Block) 	Elapsed: 1.131	Loglikelihood: -1.3187e+06	(delta): 0.000197633
19 (QN/Block) 	Elapsed: 1.131	Loglikelihood: -1.3187e+06	(delta): 6.56289e-05
20 (QN/Block) 	Elapsed: 1.117	Loglikelihood: -1.3187e+06	(delta): 5.1714e-06
21 (QN/Block) 	Elapsed: 1.112	Loglikelihood: -1.3187e+06	(delta): 8.42847e-08
22 (QN/Block) 	Elapsed: 1.111	Loglikelihood: -1.3187e+06	(delta): 5.3551e-09
23 (QN/Block) 	Elapsed: 1.115	Loglikelihood: -1.3187e+06	(delta): 0
Summary: 
Converged in 23 iterations (28.064 sec)
Loglikelihood: -1318700.179018
Fst divergences between estimated populations: 
	Pop0	Pop1	Pop2	Pop3	
Pop0	
Pop1	0.709	
Pop2	0.635	0.135	
Pop3	0.689	0.145	0.107	
Pop4	0.686	0.293	0.196	0.266	
CV error (K=5): 0.26204
Writing output files.
